25-Jan-2012 3:41:08 PM org.apache.catalina.core.ApplicationContext log
INFO: ContextListener: contextInitialized()
25-Jan-2012 3:41:08 PM org.apache.catalina.core.ApplicationContext log
INFO: SessionListener: contextInitialized()
25-Jan-2012 3:41:09 PM org.apache.catalina.core.ApplicationContext log
INFO: AutoLoginFilter: try to get user from autologin cookie
25-Jan-2012 3:41:09 PM org.apache.catalina.core.ApplicationContext log
INFO: AutoLoginFilter: user isn't loaded ,so sign on as guest 
25-Jan-2012 3:41:09 PM org.apache.catalina.core.ApplicationContext log
INFO: UserWatcher: User bean is added with login=null
25-Jan-2012 3:41:09 PM org.apache.catalina.core.ApplicationContext log
INFO: /ShowThread
25-Jan-2012 3:41:18 PM org.apache.catalina.core.ApplicationContext log
INFO: AutoLoginFilter: try to get user from autologin cookie
25-Jan-2012 3:41:18 PM org.apache.catalina.core.ApplicationContext log
INFO: AutoLoginFilter: user isn't loaded ,so sign on as guest 
25-Jan-2012 3:41:18 PM org.apache.catalina.core.ApplicationContext log
INFO: UserWatcher: User bean is added with login=null
25-Jan-2012 3:41:18 PM org.apache.catalina.core.ApplicationContext log
INFO: /jgossip/jgossip/
25-Jan-2012 3:41:19 PM org.apache.catalina.core.ApplicationContext log
INFO: /Main
25-Jan-2012 3:44:28 PM org.apache.catalina.core.StandardContext listenerStop
SEVERE: Exception sending context destroyed event to listener instance of class org.jresearch.gossip.listeners.ContextListener
Throwable occurred: java.lang.NoClassDefFoundError: org.jresearch.gossip.dao.file.berkeleydb.FileDbEnv
	at org.jresearch.gossip.listeners.ContextListener.contextDestroyed(ContextListener.java:127)
	at org.apache.catalina.core.StandardContext.listenerStop(StandardContext.java:4245)
	at org.apache.catalina.core.StandardContext.stop(StandardContext.java:4886)
	at org.apache.catalina.core.ContainerBase.removeChild(ContainerBase.java:936)
	at org.apache.catalina.startup.HostConfig.checkResources(HostConfig.java:1159)
	at org.apache.catalina.startup.HostConfig.check(HostConfig.java:1382)
	at org.apache.catalina.startup.HostConfig.lifecycleEvent(HostConfig.java:306)
	at org.apache.catalina.util.LifecycleSupport.fireLifecycleEvent(LifecycleSupport.java:142)
	at org.apache.catalina.core.ContainerBase.backgroundProcess(ContainerBase.java:1389)
	at org.apache.catalina.core.ContainerBase$ContainerBackgroundProcessor.processChildren(ContainerBase.java:1653)
	at org.apache.catalina.core.ContainerBase$ContainerBackgroundProcessor.processChildren(ContainerBase.java:1662)
	at org.apache.catalina.core.ContainerBase$ContainerBackgroundProcessor.run(ContainerBase.java:1642)
	at java.lang.Thread.run(Thread.java:735)
Caused by: java.lang.ClassNotFoundException: org.jresearch.gossip.dao.file.berkeleydb.FileDbEnv
	at java.lang.ClassNotFoundException.<init>(ClassNotFoundException.java:76)
	at org.apache.catalina.loader.WebappClassLoader.loadClass(WebappClassLoader.java:1559)
	at org.apache.catalina.loader.WebappClassLoader.loadClass(WebappClassLoader.java:1526)
	... 13 more
25-Jan-2012 3:44:29 PM org.apache.catalina.core.StandardContext listenerStart
SEVERE: Error configuring application listener of class org.jresearch.gossip.listeners.ContextListener
Throwable occurred: java.lang.NoSuchMethodError: taint/GeneralTracker.ajc$before$taint_GeneralTracker$1$fc99ac8d(Lorg/aspectj/lang/JoinPoint;)V
	at org.jresearch.gossip.listeners.ContextListener.<init>(ContextListener.java:51)
	at java.lang.J9VMInternals.newInstanceImpl(Native Method)
	at java.lang.Class.newInstance(Class.java:1325)
	at org.apache.catalina.core.StandardContext.listenerStart(StandardContext.java:4150)
	at org.apache.catalina.core.StandardContext.start(StandardContext.java:4705)
	at org.apache.catalina.core.ContainerBase.addChildInternal(ContainerBase.java:799)
	at org.apache.catalina.core.ContainerBase.addChild(ContainerBase.java:779)
	at org.apache.catalina.core.StandardHost.addChild(StandardHost.java:601)
	at org.apache.catalina.startup.HostConfig.deployWAR(HostConfig.java:943)
	at org.apache.catalina.startup.HostConfig.deployWARs(HostConfig.java:778)
	at org.apache.catalina.startup.HostConfig.deployApps(HostConfig.java:504)
	at org.apache.catalina.startup.HostConfig.check(HostConfig.java:1385)
	at org.apache.catalina.startup.HostConfig.lifecycleEvent(HostConfig.java:306)
	at org.apache.catalina.util.LifecycleSupport.fireLifecycleEvent(LifecycleSupport.java:142)
	at org.apache.catalina.core.ContainerBase.backgroundProcess(ContainerBase.java:1389)
	at org.apache.catalina.core.ContainerBase$ContainerBackgroundProcessor.processChildren(ContainerBase.java:1653)
	at org.apache.catalina.core.ContainerBase$ContainerBackgroundProcessor.processChildren(ContainerBase.java:1662)
	at org.apache.catalina.core.ContainerBase$ContainerBackgroundProcessor.run(ContainerBase.java:1642)
	at java.lang.Thread.run(Thread.java:735)
25-Jan-2012 3:44:29 PM org.apache.catalina.core.StandardContext listenerStart
SEVERE: Error configuring application listener of class org.jresearch.gossip.listeners.SessionListener
Throwable occurred: java.lang.NoSuchMethodError: taint/GeneralTracker.ajc$before$taint_GeneralTracker$1$fc99ac8d(Lorg/aspectj/lang/JoinPoint;)V
	at org.jresearch.gossip.listeners.SessionListener.<init>(SessionListener.java:49)
	at java.lang.J9VMInternals.newInstanceImpl(Native Method)
	at java.lang.Class.newInstance(Class.java:1325)
	at org.apache.catalina.core.StandardContext.listenerStart(StandardContext.java:4150)
	at org.apache.catalina.core.StandardContext.start(StandardContext.java:4705)
	at org.apache.catalina.core.ContainerBase.addChildInternal(ContainerBase.java:799)
	at org.apache.catalina.core.ContainerBase.addChild(ContainerBase.java:779)
	at org.apache.catalina.core.StandardHost.addChild(StandardHost.java:601)
	at org.apache.catalina.startup.HostConfig.deployWAR(HostConfig.java:943)
	at org.apache.catalina.startup.HostConfig.deployWARs(HostConfig.java:778)
	at org.apache.catalina.startup.HostConfig.deployApps(HostConfig.java:504)
	at org.apache.catalina.startup.HostConfig.check(HostConfig.java:1385)
	at org.apache.catalina.startup.HostConfig.lifecycleEvent(HostConfig.java:306)
	at org.apache.catalina.util.LifecycleSupport.fireLifecycleEvent(LifecycleSupport.java:142)
	at org.apache.catalina.core.ContainerBase.backgroundProcess(ContainerBase.java:1389)
	at org.apache.catalina.core.ContainerBase$ContainerBackgroundProcessor.processChildren(ContainerBase.java:1653)
	at org.apache.catalina.core.ContainerBase$ContainerBackgroundProcessor.processChildren(ContainerBase.java:1662)
	at org.apache.catalina.core.ContainerBase$ContainerBackgroundProcessor.run(ContainerBase.java:1642)
	at java.lang.Thread.run(Thread.java:735)
25-Jan-2012 3:44:29 PM org.apache.catalina.core.StandardContext listenerStart
SEVERE: Error configuring application listener of class org.jresearch.gossip.listeners.UserWatcher
Throwable occurred: java.lang.NoSuchMethodError: taint/GeneralTracker.ajc$before$taint_GeneralTracker$1$fc99ac8d(Lorg/aspectj/lang/JoinPoint;)V
	at org.jresearch.gossip.listeners.UserWatcher.<init>(UserWatcher.java:58)
	at java.lang.J9VMInternals.newInstanceImpl(Native Method)
	at java.lang.Class.newInstance(Class.java:1325)
	at org.apache.catalina.core.StandardContext.listenerStart(StandardContext.java:4150)
	at org.apache.catalina.core.StandardContext.start(StandardContext.java:4705)
	at org.apache.catalina.core.ContainerBase.addChildInternal(ContainerBase.java:799)
	at org.apache.catalina.core.ContainerBase.addChild(ContainerBase.java:779)
	at org.apache.catalina.core.StandardHost.addChild(StandardHost.java:601)
	at org.apache.catalina.startup.HostConfig.deployWAR(HostConfig.java:943)
	at org.apache.catalina.startup.HostConfig.deployWARs(HostConfig.java:778)
	at org.apache.catalina.startup.HostConfig.deployApps(HostConfig.java:504)
	at org.apache.catalina.startup.HostConfig.check(HostConfig.java:1385)
	at org.apache.catalina.startup.HostConfig.lifecycleEvent(HostConfig.java:306)
	at org.apache.catalina.util.LifecycleSupport.fireLifecycleEvent(LifecycleSupport.java:142)
	at org.apache.catalina.core.ContainerBase.backgroundProcess(ContainerBase.java:1389)
	at org.apache.catalina.core.ContainerBase$ContainerBackgroundProcessor.processChildren(ContainerBase.java:1653)
	at org.apache.catalina.core.ContainerBase$ContainerBackgroundProcessor.processChildren(ContainerBase.java:1662)
	at org.apache.catalina.core.ContainerBase$ContainerBackgroundProcessor.run(ContainerBase.java:1642)
	at java.lang.Thread.run(Thread.java:735)
25-Jan-2012 3:44:29 PM org.apache.catalina.core.StandardContext listenerStart
SEVERE: Skipped installing application listeners due to previous error(s)
25-Jan-2012 3:44:29 PM org.apache.catalina.core.ApplicationContext log
INFO: SessionListener: contextDestroyed()
25-Jan-2012 3:44:29 PM org.apache.catalina.core.ApplicationContext log
INFO: ContextListener: contextDestroyed()
25-Jan-2012 3:44:33 PM org.apache.catalina.core.ApplicationContext log
INFO: ContextListener: contextInitialized()
25-Jan-2012 3:44:33 PM org.apache.catalina.core.ApplicationContext log
INFO: SessionListener: contextInitialized()
25-Jan-2012 3:44:33 PM org.apache.catalina.core.ApplicationContext log
INFO: AutoLoginFilter: try to get user from autologin cookie
25-Jan-2012 3:44:33 PM org.apache.catalina.core.ApplicationContext log
INFO: AutoLoginFilter: user isn't loaded ,so sign on as guest 
25-Jan-2012 3:44:34 PM org.apache.catalina.core.ApplicationContext log
INFO: UserWatcher: User bean is added with login=null
25-Jan-2012 3:44:34 PM org.apache.catalina.core.ApplicationContext log
INFO: /ShowThread
25-Jan-2012 4:44:34 PM org.apache.catalina.core.ApplicationContext log
INFO: UserWatcher: User bean with login=null is removed
25-Jan-2012 4:53:00 PM org.apache.catalina.core.ApplicationContext log
INFO: SessionListener: contextDestroyed()
25-Jan-2012 4:53:00 PM org.apache.catalina.core.ApplicationContext log
INFO: ContextListener: contextDestroyed()
25-Jan-2012 4:53:00 PM org.apache.catalina.core.StandardContext listenerStop
SEVERE: Exception sending context destroyed event to listener instance of class org.jresearch.gossip.listeners.ContextListener
Throwable occurred: java.lang.NoClassDefFoundError: org.jresearch.gossip.dao.file.berkeleydb.FileDbEnv
	at org.jresearch.gossip.listeners.ContextListener.contextDestroyed(ContextListener.java:127)
	at org.apache.catalina.core.StandardContext.listenerStop(StandardContext.java:4245)
	at org.apache.catalina.core.StandardContext.stop(StandardContext.java:4886)
	at org.apache.catalina.core.ContainerBase.removeChild(ContainerBase.java:936)
	at org.apache.catalina.startup.HostConfig.undeployApps(HostConfig.java:1359)
	at org.apache.catalina.startup.HostConfig.stop(HostConfig.java:1330)
	at org.apache.catalina.startup.HostConfig.lifecycleEvent(HostConfig.java:326)
	at org.apache.catalina.util.LifecycleSupport.fireLifecycleEvent(LifecycleSupport.java:142)
	at org.apache.catalina.core.ContainerBase.stop(ContainerBase.java:1098)
	at org.apache.catalina.core.ContainerBase.stop(ContainerBase.java:1110)
	at org.apache.catalina.core.StandardEngine.stop(StandardEngine.java:468)
	at org.apache.catalina.core.StandardService.stop(StandardService.java:604)
	at org.apache.catalina.core.StandardServer.stop(StandardServer.java:788)
	at org.apache.catalina.startup.Catalina.stop(Catalina.java:662)
	at org.apache.catalina.startup.Catalina.start(Catalina.java:629)
	at sun.reflect.NativeMethodAccessorImpl.invoke0(Native Method)
	at sun.reflect.NativeMethodAccessorImpl.invoke(NativeMethodAccessorImpl.java:45)
	at sun.reflect.DelegatingMethodAccessorImpl.invoke(DelegatingMethodAccessorImpl.java:37)
	at java.lang.reflect.Method.invoke(Method.java:599)
	at org.apache.catalina.startup.Bootstrap.start(Bootstrap.java:289)
	at org.apache.catalina.startup.Bootstrap.main(Bootstrap.java:414)
Caused by: java.lang.ClassNotFoundException: org.jresearch.gossip.dao.file.berkeleydb.FileDbEnv
	at java.lang.ClassNotFoundException.<init>(ClassNotFoundException.java:76)
	at org.apache.catalina.loader.WebappClassLoader.loadClass(WebappClassLoader.java:1559)
	at org.apache.catalina.loader.WebappClassLoader.loadClass(WebappClassLoader.java:1526)
	... 21 more
25-Jan-2012 4:53:03 PM org.apache.catalina.core.ApplicationContext log
INFO: ContextListener: contextInitialized()
25-Jan-2012 4:53:03 PM org.apache.catalina.core.ApplicationContext log
INFO: SessionListener: contextInitialized()
25-Jan-2012 4:53:04 PM org.apache.catalina.core.ApplicationContext log
INFO: AutoLoginFilter: try to get user from autologin cookie
25-Jan-2012 4:53:04 PM org.apache.catalina.core.ApplicationContext log
INFO: AutoLoginFilter: user isn't loaded ,so sign on as guest 
25-Jan-2012 4:53:04 PM org.apache.catalina.core.ApplicationContext log
INFO: UserWatcher: User bean is added with login=null
25-Jan-2012 4:53:04 PM org.apache.catalina.core.ApplicationContext log
INFO: /ShowThread
25-Jan-2012 4:54:53 PM org.apache.catalina.core.ApplicationContext log
INFO: SessionListener: contextDestroyed()
25-Jan-2012 4:54:53 PM org.apache.catalina.core.ApplicationContext log
INFO: ContextListener: contextDestroyed()
25-Jan-2012 4:54:53 PM org.apache.catalina.core.StandardContext listenerStop
SEVERE: Exception sending context destroyed event to listener instance of class org.jresearch.gossip.listeners.ContextListener
Throwable occurred: java.lang.NoClassDefFoundError: org.jresearch.gossip.dao.file.berkeleydb.FileDbEnv
	at org.jresearch.gossip.listeners.ContextListener.contextDestroyed(ContextListener.java:127)
	at org.apache.catalina.core.StandardContext.listenerStop(StandardContext.java:4245)
	at org.apache.catalina.core.StandardContext.stop(StandardContext.java:4886)
	at org.apache.catalina.core.ContainerBase.removeChild(ContainerBase.java:936)
	at org.apache.catalina.startup.HostConfig.undeployApps(HostConfig.java:1359)
	at org.apache.catalina.startup.HostConfig.stop(HostConfig.java:1330)
	at org.apache.catalina.startup.HostConfig.lifecycleEvent(HostConfig.java:326)
	at org.apache.catalina.util.LifecycleSupport.fireLifecycleEvent(LifecycleSupport.java:142)
	at org.apache.catalina.core.ContainerBase.stop(ContainerBase.java:1098)
	at org.apache.catalina.core.ContainerBase.stop(ContainerBase.java:1110)
	at org.apache.catalina.core.StandardEngine.stop(StandardEngine.java:468)
	at org.apache.catalina.core.StandardService.stop(StandardService.java:604)
	at org.apache.catalina.core.StandardServer.stop(StandardServer.java:788)
	at org.apache.catalina.startup.Catalina.stop(Catalina.java:662)
	at org.apache.catalina.startup.Catalina.start(Catalina.java:629)
	at sun.reflect.NativeMethodAccessorImpl.invoke0(Native Method)
	at sun.reflect.NativeMethodAccessorImpl.invoke(NativeMethodAccessorImpl.java:45)
	at sun.reflect.DelegatingMethodAccessorImpl.invoke(DelegatingMethodAccessorImpl.java:37)
	at java.lang.reflect.Method.invoke(Method.java:599)
	at org.apache.catalina.startup.Bootstrap.start(Bootstrap.java:289)
	at org.apache.catalina.startup.Bootstrap.main(Bootstrap.java:414)
Caused by: java.lang.ClassNotFoundException: org.jresearch.gossip.dao.file.berkeleydb.FileDbEnv
	at java.lang.ClassNotFoundException.<init>(ClassNotFoundException.java:76)
	at org.apache.catalina.loader.WebappClassLoader.loadClass(WebappClassLoader.java:1559)
	at org.apache.catalina.loader.WebappClassLoader.loadClass(WebappClassLoader.java:1526)
	... 21 more
25-Jan-2012 4:54:57 PM org.apache.catalina.core.ApplicationContext log
INFO: ContextListener: contextInitialized()
25-Jan-2012 4:54:57 PM org.apache.catalina.core.ApplicationContext log
INFO: SessionListener: contextInitialized()
25-Jan-2012 4:54:57 PM org.apache.catalina.core.ApplicationContext log
INFO: AutoLoginFilter: try to get user from autologin cookie
25-Jan-2012 4:54:57 PM org.apache.catalina.core.ApplicationContext log
INFO: AutoLoginFilter: user isn't loaded ,so sign on as guest 
25-Jan-2012 4:54:57 PM org.apache.catalina.core.ApplicationContext log
INFO: UserWatcher: User bean is added with login=null
25-Jan-2012 4:54:57 PM org.apache.catalina.core.ApplicationContext log
INFO: /ShowThread
25-Jan-2012 4:58:20 PM org.apache.catalina.core.ApplicationContext log
INFO: SessionListener: contextDestroyed()
25-Jan-2012 4:58:20 PM org.apache.catalina.core.ApplicationContext log
INFO: ContextListener: contextDestroyed()
25-Jan-2012 4:58:20 PM org.apache.catalina.core.StandardContext listenerStop
SEVERE: Exception sending context destroyed event to listener instance of class org.jresearch.gossip.listeners.ContextListener
Throwable occurred: java.lang.NoClassDefFoundError: org.jresearch.gossip.dao.file.berkeleydb.FileDbEnv
	at org.jresearch.gossip.listeners.ContextListener.contextDestroyed(ContextListener.java:127)
	at org.apache.catalina.core.StandardContext.listenerStop(StandardContext.java:4245)
	at org.apache.catalina.core.StandardContext.stop(StandardContext.java:4886)
	at org.apache.catalina.core.ContainerBase.removeChild(ContainerBase.java:936)
	at org.apache.catalina.startup.HostConfig.undeployApps(HostConfig.java:1359)
	at org.apache.catalina.startup.HostConfig.stop(HostConfig.java:1330)
	at org.apache.catalina.startup.HostConfig.lifecycleEvent(HostConfig.java:326)
	at org.apache.catalina.util.LifecycleSupport.fireLifecycleEvent(LifecycleSupport.java:142)
	at org.apache.catalina.core.ContainerBase.stop(ContainerBase.java:1098)
	at org.apache.catalina.core.ContainerBase.stop(ContainerBase.java:1110)
	at org.apache.catalina.core.StandardEngine.stop(StandardEngine.java:468)
	at org.apache.catalina.core.StandardService.stop(StandardService.java:604)
	at org.apache.catalina.core.StandardServer.stop(StandardServer.java:788)
	at org.apache.catalina.startup.Catalina.stop(Catalina.java:662)
	at org.apache.catalina.startup.Catalina.start(Catalina.java:629)
	at sun.reflect.NativeMethodAccessorImpl.invoke0(Native Method)
	at sun.reflect.NativeMethodAccessorImpl.invoke(NativeMethodAccessorImpl.java:45)
	at sun.reflect.DelegatingMethodAccessorImpl.invoke(DelegatingMethodAccessorImpl.java:37)
	at java.lang.reflect.Method.invoke(Method.java:599)
	at org.apache.catalina.startup.Bootstrap.start(Bootstrap.java:289)
	at org.apache.catalina.startup.Bootstrap.main(Bootstrap.java:414)
Caused by: java.lang.ClassNotFoundException: org.jresearch.gossip.dao.file.berkeleydb.FileDbEnv
	at java.lang.ClassNotFoundException.<init>(ClassNotFoundException.java:76)
	at org.apache.catalina.loader.WebappClassLoader.loadClass(WebappClassLoader.java:1559)
	at org.apache.catalina.loader.WebappClassLoader.loadClass(WebappClassLoader.java:1526)
	... 21 more
25-Jan-2012 4:58:23 PM org.apache.catalina.core.ApplicationContext log
INFO: ContextListener: contextInitialized()
25-Jan-2012 4:58:23 PM org.apache.catalina.core.ApplicationContext log
INFO: SessionListener: contextInitialized()
25-Jan-2012 4:58:23 PM org.apache.catalina.core.ApplicationContext log
INFO: AutoLoginFilter: try to get user from autologin cookie
25-Jan-2012 4:58:23 PM org.apache.catalina.core.ApplicationContext log
INFO: AutoLoginFilter: user isn't loaded ,so sign on as guest 
25-Jan-2012 4:58:23 PM org.apache.catalina.core.ApplicationContext log
INFO: UserWatcher: User bean is added with login=null
25-Jan-2012 4:58:23 PM org.apache.catalina.core.ApplicationContext log
INFO: /ShowThread
25-Jan-2012 5:00:20 PM org.apache.catalina.core.ApplicationContext log
INFO: SessionListener: contextDestroyed()
25-Jan-2012 5:00:20 PM org.apache.catalina.core.ApplicationContext log
INFO: ContextListener: contextDestroyed()
25-Jan-2012 5:00:20 PM org.apache.catalina.core.StandardContext listenerStop
SEVERE: Exception sending context destroyed event to listener instance of class org.jresearch.gossip.listeners.ContextListener
Throwable occurred: java.lang.NoClassDefFoundError: org.jresearch.gossip.dao.file.berkeleydb.FileDbEnv
	at org.jresearch.gossip.listeners.ContextListener.contextDestroyed(ContextListener.java:127)
	at org.apache.catalina.core.StandardContext.listenerStop(StandardContext.java:4245)
	at org.apache.catalina.core.StandardContext.stop(StandardContext.java:4886)
	at org.apache.catalina.core.ContainerBase.removeChild(ContainerBase.java:936)
	at org.apache.catalina.startup.HostConfig.undeployApps(HostConfig.java:1359)
	at org.apache.catalina.startup.HostConfig.stop(HostConfig.java:1330)
	at org.apache.catalina.startup.HostConfig.lifecycleEvent(HostConfig.java:326)
	at org.apache.catalina.util.LifecycleSupport.fireLifecycleEvent(LifecycleSupport.java:142)
	at org.apache.catalina.core.ContainerBase.stop(ContainerBase.java:1098)
	at org.apache.catalina.core.ContainerBase.stop(ContainerBase.java:1110)
	at org.apache.catalina.core.StandardEngine.stop(StandardEngine.java:468)
	at org.apache.catalina.core.StandardService.stop(StandardService.java:604)
	at org.apache.catalina.core.StandardServer.stop(StandardServer.java:788)
	at org.apache.catalina.startup.Catalina.stop(Catalina.java:662)
	at org.apache.catalina.startup.Catalina.start(Catalina.java:629)
	at sun.reflect.NativeMethodAccessorImpl.invoke0(Native Method)
	at sun.reflect.NativeMethodAccessorImpl.invoke(NativeMethodAccessorImpl.java:45)
	at sun.reflect.DelegatingMethodAccessorImpl.invoke(DelegatingMethodAccessorImpl.java:37)
	at java.lang.reflect.Method.invoke(Method.java:599)
	at org.apache.catalina.startup.Bootstrap.start(Bootstrap.java:289)
	at org.apache.catalina.startup.Bootstrap.main(Bootstrap.java:414)
Caused by: java.lang.ClassNotFoundException: org.jresearch.gossip.dao.file.berkeleydb.FileDbEnv
	at java.lang.ClassNotFoundException.<init>(ClassNotFoundException.java:76)
	at org.apache.catalina.loader.WebappClassLoader.loadClass(WebappClassLoader.java:1559)
	at org.apache.catalina.loader.WebappClassLoader.loadClass(WebappClassLoader.java:1526)
	... 21 more
25-Jan-2012 5:00:23 PM org.apache.catalina.core.ApplicationContext log
INFO: ContextListener: contextInitialized()
25-Jan-2012 5:00:23 PM org.apache.catalina.core.ApplicationContext log
INFO: SessionListener: contextInitialized()
25-Jan-2012 5:00:24 PM org.apache.catalina.core.ApplicationContext log
INFO: AutoLoginFilter: try to get user from autologin cookie
25-Jan-2012 5:00:24 PM org.apache.catalina.core.ApplicationContext log
INFO: AutoLoginFilter: user isn't loaded ,so sign on as guest 
25-Jan-2012 5:00:24 PM org.apache.catalina.core.ApplicationContext log
INFO: UserWatcher: User bean is added with login=null
25-Jan-2012 5:00:24 PM org.apache.catalina.core.ApplicationContext log
INFO: /ShowThread
25-Jan-2012 5:00:36 PM org.apache.catalina.core.ApplicationContext log
INFO: AutoLoginFilter: try to get user from autologin cookie
25-Jan-2012 5:00:36 PM org.apache.catalina.core.ApplicationContext log
INFO: AutoLoginFilter: user isn't loaded ,so sign on as guest 
25-Jan-2012 5:00:36 PM org.apache.catalina.core.ApplicationContext log
INFO: UserWatcher: User bean is added with login=null
25-Jan-2012 5:00:36 PM org.apache.catalina.core.ApplicationContext log
INFO: /jgossip/jgossip/
25-Jan-2012 5:00:38 PM org.apache.catalina.core.ApplicationContext log
INFO: /Main
25-Jan-2012 5:00:40 PM org.apache.catalina.core.ApplicationContext log
INFO: /ShowForum
25-Jan-2012 5:00:44 PM org.apache.catalina.core.ApplicationContext log
INFO: /ShowThread
25-Jan-2012 5:00:47 PM org.apache.catalina.core.ApplicationContext log
INFO: /ShowAvatar
25-Jan-2012 5:00:47 PM org.apache.catalina.core.ApplicationContext log
INFO: /ShowAvatar
25-Jan-2012 5:00:47 PM org.apache.catalina.core.ApplicationDispatcher invoke
SEVERE: Servlet.service() for servlet jsp threw exception
Throwable occurred: javax.servlet.ServletException: File &quot;/errorInJsp.jsp&quot; not found
	at org.apache.jasper.servlet.JspServlet.handleMissingResource(JspServlet.java:335)
	at org.apache.jasper.servlet.JspServlet.serviceJspFile(JspServlet.java:301)
	at org.apache.jasper.servlet.JspServlet.service(JspServlet.java:260)
	at javax.servlet.http.HttpServlet.service(HttpServlet.java:717)
	at org.apache.catalina.core.ApplicationFilterChain.internalDoFilter(ApplicationFilterChain.java:290)
	at org.apache.catalina.core.ApplicationFilterChain.doFilter(ApplicationFilterChain.java:206)
	at org.apache.catalina.core.ApplicationDispatcher.invoke(ApplicationDispatcher.java:646)
	at org.apache.catalina.core.ApplicationDispatcher.doInclude(ApplicationDispatcher.java:551)
	at org.apache.catalina.core.ApplicationDispatcher.include(ApplicationDispatcher.java:488)
	at org.apache.jasper.runtime.JspRuntimeLibrary.include(JspRuntimeLibrary.java:968)
	at org.apache.jasper.runtime.PageContextImpl.include(PageContextImpl.java:624)
	at org.apache.jasper.runtime.PageContextImpl.doHandlePageException(PageContextImpl.java:823)
	at org.apache.jasper.runtime.PageContextImpl.handlePageException(PageContextImpl.java:794)
	at org.apache.jsp.jgossip.layout_jsp._jspService(layout_jsp.java:312)
	at org.apache.jasper.runtime.HttpJspBase.service(HttpJspBase.java:70)
	at javax.servlet.http.HttpServlet.service(HttpServlet.java:717)
	at org.apache.jasper.servlet.JspServletWrapper.service(JspServletWrapper.java:388)
	at org.apache.jasper.servlet.JspServlet.serviceJspFile(JspServlet.java:313)
	at org.apache.jasper.servlet.JspServlet.service(JspServlet.java:260)
	at javax.servlet.http.HttpServlet.service(HttpServlet.java:717)
	at org.apache.catalina.core.ApplicationFilterChain.internalDoFilter(ApplicationFilterChain.java:290)
	at org.apache.catalina.core.ApplicationFilterChain.doFilter(ApplicationFilterChain.java:206)
	at org.apache.catalina.core.ApplicationDispatcher.invoke(ApplicationDispatcher.java:646)
	at org.apache.catalina.core.ApplicationDispatcher.processRequest(ApplicationDispatcher.java:436)
	at org.apache.catalina.core.ApplicationDispatcher.doForward(ApplicationDispatcher.java:374)
	at org.apache.catalina.core.ApplicationDispatcher.forward(ApplicationDispatcher.java:302)
	at org.apache.struts.action.RequestProcessor.doForward(RequestProcessor.java:1063)
	at org.apache.struts.tiles.TilesRequestProcessor.doForward(TilesRequestProcessor.java:263)
	at org.apache.struts.tiles.TilesRequestProcessor.processTilesDefinition(TilesRequestProcessor.java:239)
	at org.apache.struts.tiles.TilesRequestProcessor.processForwardConfig(TilesRequestProcessor.java:302)
	at org.apache.struts.action.RequestProcessor.process(RequestProcessor.java:229)
	at org.apache.struts.action.ActionServlet.process(ActionServlet.java:1194)
	at org.apache.struts.action.ActionServlet.doGet(ActionServlet.java:414)
	at javax.servlet.http.HttpServlet.service(HttpServlet.java:617)
	at javax.servlet.http.HttpServlet.service(HttpServlet.java:717)
	at org.apache.catalina.core.ApplicationFilterChain.internalDoFilter(ApplicationFilterChain.java:290)
	at org.apache.catalina.core.ApplicationFilterChain.doFilter(ApplicationFilterChain.java:206)
	at org.apache.catalina.core.ApplicationDispatcher.invoke(ApplicationDispatcher.java:646)
	at org.apache.catalina.core.ApplicationDispatcher.processRequest(ApplicationDispatcher.java:436)
	at org.apache.catalina.core.ApplicationDispatcher.doForward(ApplicationDispatcher.java:374)
	at org.apache.catalina.core.ApplicationDispatcher.forward(ApplicationDispatcher.java:302)
	at org.apache.struts.action.RequestProcessor.doForward(RequestProcessor.java:1063)
	at org.apache.struts.tiles.TilesRequestProcessor.doForward(TilesRequestProcessor.java:263)
	at org.apache.struts.action.RequestProcessor.processForwardConfig(RequestProcessor.java:386)
	at org.apache.struts.tiles.TilesRequestProcessor.processForwardConfig(TilesRequestProcessor.java:318)
	at org.apache.struts.action.RequestProcessor.process(RequestProcessor.java:229)
	at org.apache.struts.action.ActionServlet.process(ActionServlet.java:1194)
	at org.apache.struts.action.ActionServlet.doGet(ActionServlet.java:414)
	at javax.servlet.http.HttpServlet.service(HttpServlet.java:617)
	at javax.servlet.http.HttpServlet.service(HttpServlet.java:717)
	at org.apache.catalina.core.ApplicationFilterChain.internalDoFilter(ApplicationFilterChain.java:290)
	at org.apache.catalina.core.ApplicationFilterChain.doFilter(ApplicationFilterChain.java:206)
	at org.jresearch.gossip.filters.SignOnFilter.doFilter(SignOnFilter.java:91)
	at org.apache.catalina.core.ApplicationFilterChain.internalDoFilter(ApplicationFilterChain.java:235)
	at org.apache.catalina.core.ApplicationFilterChain.doFilter(ApplicationFilterChain.java:206)
	at org.jresearch.gossip.filters.BanFilter.doFilter(BanFilter.java:122)
	at org.apache.catalina.core.ApplicationFilterChain.internalDoFilter(ApplicationFilterChain.java:235)
	at org.apache.catalina.core.ApplicationFilterChain.doFilter(ApplicationFilterChain.java:206)
	at org.jresearch.gossip.filters.AutoLoginFilter.doFilter(AutoLoginFilter.java:213)
	at org.apache.catalina.core.ApplicationFilterChain.internalDoFilter(ApplicationFilterChain.java:235)
	at org.apache.catalina.core.ApplicationFilterChain.doFilter(ApplicationFilterChain.java:206)
	at org.jresearch.gossip.filters.gzip.CompressionFilter.doFilter(CompressionFilter.java:92)
	at org.apache.catalina.core.ApplicationFilterChain.internalDoFilter(ApplicationFilterChain.java:235)
	at org.apache.catalina.core.ApplicationFilterChain.doFilter(ApplicationFilterChain.java:206)
	at org.jresearch.gossip.filters.SetCharacterEncodingFilter.doFilter(SetCharacterEncodingFilter.java:180)
	at org.apache.catalina.core.ApplicationFilterChain.internalDoFilter(ApplicationFilterChain.java:235)
	at org.apache.catalina.core.ApplicationFilterChain.doFilter(ApplicationFilterChain.java:206)
	at org.apache.catalina.core.StandardWrapperValve.invoke(StandardWrapperValve.java:233)
	at org.apache.catalina.core.StandardContextValve.invoke(StandardContextValve.java:191)
	at org.apache.catalina.authenticator.AuthenticatorBase.invoke(AuthenticatorBase.java:470)
	at org.apache.catalina.core.StandardHostValve.invoke(StandardHostValve.java:127)
	at org.apache.catalina.valves.ErrorReportValve.invoke(ErrorReportValve.java:102)
	at org.apache.catalina.core.StandardEngineValve.invoke(StandardEngineValve.java:109)
	at org.apache.catalina.connector.CoyoteAdapter.service(CoyoteAdapter.java:293)
	at org.apache.coyote.http11.Http11Processor.process(Http11Processor.java:859)
	at org.apache.coyote.http11.Http11Protocol$Http11ConnectionHandler.process(Http11Protocol.java:602)
	at org.apache.tomcat.util.net.JIoEndpoint$Worker.run(JIoEndpoint.java:489)
	at java.lang.Thread.run(Thread.java:735)
25-Jan-2012 5:00:47 PM org.apache.catalina.core.ApplicationDispatcher invoke
SEVERE: Servlet.service() for servlet jsp threw exception
Throwable occurred: javax.servlet.ServletException: File &quot;/errorInJsp.jsp&quot; not found
	at org.apache.jasper.servlet.JspServlet.handleMissingResource(JspServlet.java:335)
	at org.apache.jasper.servlet.JspServlet.serviceJspFile(JspServlet.java:301)
	at org.apache.jasper.servlet.JspServlet.service(JspServlet.java:260)
	at javax.servlet.http.HttpServlet.service(HttpServlet.java:717)
	at org.apache.catalina.core.ApplicationFilterChain.internalDoFilter(ApplicationFilterChain.java:290)
	at org.apache.catalina.core.ApplicationFilterChain.doFilter(ApplicationFilterChain.java:206)
	at org.apache.catalina.core.ApplicationDispatcher.invoke(ApplicationDispatcher.java:646)
	at org.apache.catalina.core.ApplicationDispatcher.doInclude(ApplicationDispatcher.java:551)
	at org.apache.catalina.core.ApplicationDispatcher.include(ApplicationDispatcher.java:488)
	at org.apache.jasper.runtime.JspRuntimeLibrary.include(JspRuntimeLibrary.java:968)
	at org.apache.jasper.runtime.PageContextImpl.include(PageContextImpl.java:624)
	at org.apache.jasper.runtime.PageContextImpl.doHandlePageException(PageContextImpl.java:823)
	at org.apache.jasper.runtime.PageContextImpl.handlePageException(PageContextImpl.java:794)
	at org.apache.jsp.jgossip.layout_jsp._jspService(layout_jsp.java:312)
	at org.apache.jasper.runtime.HttpJspBase.service(HttpJspBase.java:70)
	at javax.servlet.http.HttpServlet.service(HttpServlet.java:717)
	at org.apache.jasper.servlet.JspServletWrapper.service(JspServletWrapper.java:388)
	at org.apache.jasper.servlet.JspServlet.serviceJspFile(JspServlet.java:313)
	at org.apache.jasper.servlet.JspServlet.service(JspServlet.java:260)
	at javax.servlet.http.HttpServlet.service(HttpServlet.java:717)
	at org.apache.catalina.core.ApplicationFilterChain.internalDoFilter(ApplicationFilterChain.java:290)
	at org.apache.catalina.core.ApplicationFilterChain.doFilter(ApplicationFilterChain.java:206)
	at org.apache.catalina.core.ApplicationDispatcher.invoke(ApplicationDispatcher.java:646)
	at org.apache.catalina.core.ApplicationDispatcher.processRequest(ApplicationDispatcher.java:436)
	at org.apache.catalina.core.ApplicationDispatcher.doForward(ApplicationDispatcher.java:374)
	at org.apache.catalina.core.ApplicationDispatcher.forward(ApplicationDispatcher.java:302)
	at org.apache.struts.action.RequestProcessor.doForward(RequestProcessor.java:1063)
	at org.apache.struts.tiles.TilesRequestProcessor.doForward(TilesRequestProcessor.java:263)
	at org.apache.struts.tiles.TilesRequestProcessor.processTilesDefinition(TilesRequestProcessor.java:239)
	at org.apache.struts.tiles.TilesRequestProcessor.processForwardConfig(TilesRequestProcessor.java:302)
	at org.apache.struts.action.RequestProcessor.process(RequestProcessor.java:229)
	at org.apache.struts.action.ActionServlet.process(ActionServlet.java:1194)
	at org.apache.struts.action.ActionServlet.doGet(ActionServlet.java:414)
	at javax.servlet.http.HttpServlet.service(HttpServlet.java:617)
	at javax.servlet.http.HttpServlet.service(HttpServlet.java:717)
	at org.apache.catalina.core.ApplicationFilterChain.internalDoFilter(ApplicationFilterChain.java:290)
	at org.apache.catalina.core.ApplicationFilterChain.doFilter(ApplicationFilterChain.java:206)
	at org.apache.catalina.core.ApplicationDispatcher.invoke(ApplicationDispatcher.java:646)
	at org.apache.catalina.core.ApplicationDispatcher.processRequest(ApplicationDispatcher.java:436)
	at org.apache.catalina.core.ApplicationDispatcher.doForward(ApplicationDispatcher.java:374)
	at org.apache.catalina.core.ApplicationDispatcher.forward(ApplicationDispatcher.java:302)
	at org.apache.struts.action.RequestProcessor.doForward(RequestProcessor.java:1063)
	at org.apache.struts.tiles.TilesRequestProcessor.doForward(TilesRequestProcessor.java:263)
	at org.apache.struts.action.RequestProcessor.processForwardConfig(RequestProcessor.java:386)
	at org.apache.struts.tiles.TilesRequestProcessor.processForwardConfig(TilesRequestProcessor.java:318)
	at org.apache.struts.action.RequestProcessor.process(RequestProcessor.java:229)
	at org.apache.struts.action.ActionServlet.process(ActionServlet.java:1194)
	at org.apache.struts.action.ActionServlet.doGet(ActionServlet.java:414)
	at javax.servlet.http.HttpServlet.service(HttpServlet.java:617)
	at javax.servlet.http.HttpServlet.service(HttpServlet.java:717)
	at org.apache.catalina.core.ApplicationFilterChain.internalDoFilter(ApplicationFilterChain.java:290)
	at org.apache.catalina.core.ApplicationFilterChain.doFilter(ApplicationFilterChain.java:206)
	at org.jresearch.gossip.filters.SignOnFilter.doFilter(SignOnFilter.java:91)
	at org.apache.catalina.core.ApplicationFilterChain.internalDoFilter(ApplicationFilterChain.java:235)
	at org.apache.catalina.core.ApplicationFilterChain.doFilter(ApplicationFilterChain.java:206)
	at org.jresearch.gossip.filters.BanFilter.doFilter(BanFilter.java:122)
	at org.apache.catalina.core.ApplicationFilterChain.internalDoFilter(ApplicationFilterChain.java:235)
	at org.apache.catalina.core.ApplicationFilterChain.doFilter(ApplicationFilterChain.java:206)
	at org.jresearch.gossip.filters.AutoLoginFilter.doFilter(AutoLoginFilter.java:213)
	at org.apache.catalina.core.ApplicationFilterChain.internalDoFilter(ApplicationFilterChain.java:235)
	at org.apache.catalina.core.ApplicationFilterChain.doFilter(ApplicationFilterChain.java:206)
	at org.jresearch.gossip.filters.gzip.CompressionFilter.doFilter(CompressionFilter.java:92)
	at org.apache.catalina.core.ApplicationFilterChain.internalDoFilter(ApplicationFilterChain.java:235)
	at org.apache.catalina.core.ApplicationFilterChain.doFilter(ApplicationFilterChain.java:206)
	at org.jresearch.gossip.filters.SetCharacterEncodingFilter.doFilter(SetCharacterEncodingFilter.java:180)
	at org.apache.catalina.core.ApplicationFilterChain.internalDoFilter(ApplicationFilterChain.java:235)
	at org.apache.catalina.core.ApplicationFilterChain.doFilter(ApplicationFilterChain.java:206)
	at org.apache.catalina.core.StandardWrapperValve.invoke(StandardWrapperValve.java:233)
	at org.apache.catalina.core.StandardContextValve.invoke(StandardContextValve.java:191)
	at org.apache.catalina.authenticator.AuthenticatorBase.invoke(AuthenticatorBase.java:470)
	at org.apache.catalina.core.StandardHostValve.invoke(StandardHostValve.java:127)
	at org.apache.catalina.valves.ErrorReportValve.invoke(ErrorReportValve.java:102)
	at org.apache.catalina.core.StandardEngineValve.invoke(StandardEngineValve.java:109)
	at org.apache.catalina.connector.CoyoteAdapter.service(CoyoteAdapter.java:293)
	at org.apache.coyote.http11.Http11Processor.process(Http11Processor.java:859)
	at org.apache.coyote.http11.Http11Protocol$Http11ConnectionHandler.process(Http11Protocol.java:602)
	at org.apache.tomcat.util.net.JIoEndpoint$Worker.run(JIoEndpoint.java:489)
	at java.lang.Thread.run(Thread.java:735)
25-Jan-2012 5:00:47 PM org.apache.catalina.core.ApplicationDispatcher invoke
SEVERE: Servlet.service() for servlet action threw exception
Throwable occurred: javax.servlet.ServletException: File &quot;/errorInJsp.jsp&quot; not found
	at org.apache.jasper.servlet.JspServlet.handleMissingResource(JspServlet.java:335)
	at org.apache.jasper.servlet.JspServlet.serviceJspFile(JspServlet.java:301)
	at org.apache.jasper.servlet.JspServlet.service(JspServlet.java:260)
	at javax.servlet.http.HttpServlet.service(HttpServlet.java:717)
	at org.apache.catalina.core.ApplicationFilterChain.internalDoFilter(ApplicationFilterChain.java:290)
	at org.apache.catalina.core.ApplicationFilterChain.doFilter(ApplicationFilterChain.java:206)
	at org.apache.catalina.core.ApplicationDispatcher.invoke(ApplicationDispatcher.java:646)
	at org.apache.catalina.core.ApplicationDispatcher.doInclude(ApplicationDispatcher.java:551)
	at org.apache.catalina.core.ApplicationDispatcher.include(ApplicationDispatcher.java:488)
	at org.apache.jasper.runtime.JspRuntimeLibrary.include(JspRuntimeLibrary.java:968)
	at org.apache.jasper.runtime.PageContextImpl.include(PageContextImpl.java:624)
	at org.apache.jasper.runtime.PageContextImpl.doHandlePageException(PageContextImpl.java:823)
	at org.apache.jasper.runtime.PageContextImpl.handlePageException(PageContextImpl.java:794)
	at org.apache.jsp.jgossip.layout_jsp._jspService(layout_jsp.java:312)
	at org.apache.jasper.runtime.HttpJspBase.service(HttpJspBase.java:70)
	at javax.servlet.http.HttpServlet.service(HttpServlet.java:717)
	at org.apache.jasper.servlet.JspServletWrapper.service(JspServletWrapper.java:388)
	at org.apache.jasper.servlet.JspServlet.serviceJspFile(JspServlet.java:313)
	at org.apache.jasper.servlet.JspServlet.service(JspServlet.java:260)
	at javax.servlet.http.HttpServlet.service(HttpServlet.java:717)
	at org.apache.catalina.core.ApplicationFilterChain.internalDoFilter(ApplicationFilterChain.java:290)
	at org.apache.catalina.core.ApplicationFilterChain.doFilter(ApplicationFilterChain.java:206)
	at org.apache.catalina.core.ApplicationDispatcher.invoke(ApplicationDispatcher.java:646)
	at org.apache.catalina.core.ApplicationDispatcher.processRequest(ApplicationDispatcher.java:436)
	at org.apache.catalina.core.ApplicationDispatcher.doForward(ApplicationDispatcher.java:374)
	at org.apache.catalina.core.ApplicationDispatcher.forward(ApplicationDispatcher.java:302)
	at org.apache.struts.action.RequestProcessor.doForward(RequestProcessor.java:1063)
	at org.apache.struts.tiles.TilesRequestProcessor.doForward(TilesRequestProcessor.java:263)
	at org.apache.struts.tiles.TilesRequestProcessor.processTilesDefinition(TilesRequestProcessor.java:239)
	at org.apache.struts.tiles.TilesRequestProcessor.processForwardConfig(TilesRequestProcessor.java:302)
	at org.apache.struts.action.RequestProcessor.process(RequestProcessor.java:229)
	at org.apache.struts.action.ActionServlet.process(ActionServlet.java:1194)
	at org.apache.struts.action.ActionServlet.doGet(ActionServlet.java:414)
	at javax.servlet.http.HttpServlet.service(HttpServlet.java:617)
	at javax.servlet.http.HttpServlet.service(HttpServlet.java:717)
	at org.apache.catalina.core.ApplicationFilterChain.internalDoFilter(ApplicationFilterChain.java:290)
	at org.apache.catalina.core.ApplicationFilterChain.doFilter(ApplicationFilterChain.java:206)
	at org.apache.catalina.core.ApplicationDispatcher.invoke(ApplicationDispatcher.java:646)
	at org.apache.catalina.core.ApplicationDispatcher.processRequest(ApplicationDispatcher.java:436)
	at org.apache.catalina.core.ApplicationDispatcher.doForward(ApplicationDispatcher.java:374)
	at org.apache.catalina.core.ApplicationDispatcher.forward(ApplicationDispatcher.java:302)
	at org.apache.struts.action.RequestProcessor.doForward(RequestProcessor.java:1063)
	at org.apache.struts.tiles.TilesRequestProcessor.doForward(TilesRequestProcessor.java:263)
	at org.apache.struts.action.RequestProcessor.processForwardConfig(RequestProcessor.java:386)
	at org.apache.struts.tiles.TilesRequestProcessor.processForwardConfig(TilesRequestProcessor.java:318)
	at org.apache.struts.action.RequestProcessor.process(RequestProcessor.java:229)
	at org.apache.struts.action.ActionServlet.process(ActionServlet.java:1194)
	at org.apache.struts.action.ActionServlet.doGet(ActionServlet.java:414)
	at javax.servlet.http.HttpServlet.service(HttpServlet.java:617)
	at javax.servlet.http.HttpServlet.service(HttpServlet.java:717)
	at org.apache.catalina.core.ApplicationFilterChain.internalDoFilter(ApplicationFilterChain.java:290)
	at org.apache.catalina.core.ApplicationFilterChain.doFilter(ApplicationFilterChain.java:206)
	at org.jresearch.gossip.filters.SignOnFilter.doFilter(SignOnFilter.java:91)
	at org.apache.catalina.core.ApplicationFilterChain.internalDoFilter(ApplicationFilterChain.java:235)
	at org.apache.catalina.core.ApplicationFilterChain.doFilter(ApplicationFilterChain.java:206)
	at org.jresearch.gossip.filters.BanFilter.doFilter(BanFilter.java:122)
	at org.apache.catalina.core.ApplicationFilterChain.internalDoFilter(ApplicationFilterChain.java:235)
	at org.apache.catalina.core.ApplicationFilterChain.doFilter(ApplicationFilterChain.java:206)
	at org.jresearch.gossip.filters.AutoLoginFilter.doFilter(AutoLoginFilter.java:213)
	at org.apache.catalina.core.ApplicationFilterChain.internalDoFilter(ApplicationFilterChain.java:235)
	at org.apache.catalina.core.ApplicationFilterChain.doFilter(ApplicationFilterChain.java:206)
	at org.jresearch.gossip.filters.gzip.CompressionFilter.doFilter(CompressionFilter.java:92)
	at org.apache.catalina.core.ApplicationFilterChain.internalDoFilter(ApplicationFilterChain.java:235)
	at org.apache.catalina.core.ApplicationFilterChain.doFilter(ApplicationFilterChain.java:206)
	at org.jresearch.gossip.filters.SetCharacterEncodingFilter.doFilter(SetCharacterEncodingFilter.java:180)
	at org.apache.catalina.core.ApplicationFilterChain.internalDoFilter(ApplicationFilterChain.java:235)
	at org.apache.catalina.core.ApplicationFilterChain.doFilter(ApplicationFilterChain.java:206)
	at org.apache.catalina.core.StandardWrapperValve.invoke(StandardWrapperValve.java:233)
	at org.apache.catalina.core.StandardContextValve.invoke(StandardContextValve.java:191)
	at org.apache.catalina.authenticator.AuthenticatorBase.invoke(AuthenticatorBase.java:470)
	at org.apache.catalina.core.StandardHostValve.invoke(StandardHostValve.java:127)
	at org.apache.catalina.valves.ErrorReportValve.invoke(ErrorReportValve.java:102)
	at org.apache.catalina.core.StandardEngineValve.invoke(StandardEngineValve.java:109)
	at org.apache.catalina.connector.CoyoteAdapter.service(CoyoteAdapter.java:293)
	at org.apache.coyote.http11.Http11Processor.process(Http11Processor.java:859)
	at org.apache.coyote.http11.Http11Protocol$Http11ConnectionHandler.process(Http11Protocol.java:602)
	at org.apache.tomcat.util.net.JIoEndpoint$Worker.run(JIoEndpoint.java:489)
	at java.lang.Thread.run(Thread.java:735)
25-Jan-2012 5:00:47 PM org.apache.catalina.core.StandardWrapperValve invoke
SEVERE: Servlet.service() for servlet action threw exception
Throwable occurred: javax.servlet.ServletException: File &quot;/errorInJsp.jsp&quot; not found
	at org.apache.jasper.servlet.JspServlet.handleMissingResource(JspServlet.java:335)
	at org.apache.jasper.servlet.JspServlet.serviceJspFile(JspServlet.java:301)
	at org.apache.jasper.servlet.JspServlet.service(JspServlet.java:260)
	at javax.servlet.http.HttpServlet.service(HttpServlet.java:717)
	at org.apache.catalina.core.ApplicationFilterChain.internalDoFilter(ApplicationFilterChain.java:290)
	at org.apache.catalina.core.ApplicationFilterChain.doFilter(ApplicationFilterChain.java:206)
	at org.apache.catalina.core.ApplicationDispatcher.invoke(ApplicationDispatcher.java:646)
	at org.apache.catalina.core.ApplicationDispatcher.doInclude(ApplicationDispatcher.java:551)
	at org.apache.catalina.core.ApplicationDispatcher.include(ApplicationDispatcher.java:488)
	at org.apache.jasper.runtime.JspRuntimeLibrary.include(JspRuntimeLibrary.java:968)
	at org.apache.jasper.runtime.PageContextImpl.include(PageContextImpl.java:624)
	at org.apache.jasper.runtime.PageContextImpl.doHandlePageException(PageContextImpl.java:823)
	at org.apache.jasper.runtime.PageContextImpl.handlePageException(PageContextImpl.java:794)
	at org.apache.jsp.jgossip.layout_jsp._jspService(layout_jsp.java:312)
	at org.apache.jasper.runtime.HttpJspBase.service(HttpJspBase.java:70)
	at javax.servlet.http.HttpServlet.service(HttpServlet.java:717)
	at org.apache.jasper.servlet.JspServletWrapper.service(JspServletWrapper.java:388)
	at org.apache.jasper.servlet.JspServlet.serviceJspFile(JspServlet.java:313)
	at org.apache.jasper.servlet.JspServlet.service(JspServlet.java:260)
	at javax.servlet.http.HttpServlet.service(HttpServlet.java:717)
	at org.apache.catalina.core.ApplicationFilterChain.internalDoFilter(ApplicationFilterChain.java:290)
	at org.apache.catalina.core.ApplicationFilterChain.doFilter(ApplicationFilterChain.java:206)
	at org.apache.catalina.core.ApplicationDispatcher.invoke(ApplicationDispatcher.java:646)
	at org.apache.catalina.core.ApplicationDispatcher.processRequest(ApplicationDispatcher.java:436)
	at org.apache.catalina.core.ApplicationDispatcher.doForward(ApplicationDispatcher.java:374)
	at org.apache.catalina.core.ApplicationDispatcher.forward(ApplicationDispatcher.java:302)
	at org.apache.struts.action.RequestProcessor.doForward(RequestProcessor.java:1063)
	at org.apache.struts.tiles.TilesRequestProcessor.doForward(TilesRequestProcessor.java:263)
	at org.apache.struts.tiles.TilesRequestProcessor.processTilesDefinition(TilesRequestProcessor.java:239)
	at org.apache.struts.tiles.TilesRequestProcessor.processForwardConfig(TilesRequestProcessor.java:302)
	at org.apache.struts.action.RequestProcessor.process(RequestProcessor.java:229)
	at org.apache.struts.action.ActionServlet.process(ActionServlet.java:1194)
	at org.apache.struts.action.ActionServlet.doGet(ActionServlet.java:414)
	at javax.servlet.http.HttpServlet.service(HttpServlet.java:617)
	at javax.servlet.http.HttpServlet.service(HttpServlet.java:717)
	at org.apache.catalina.core.ApplicationFilterChain.internalDoFilter(ApplicationFilterChain.java:290)
	at org.apache.catalina.core.ApplicationFilterChain.doFilter(ApplicationFilterChain.java:206)
	at org.apache.catalina.core.ApplicationDispatcher.invoke(ApplicationDispatcher.java:646)
	at org.apache.catalina.core.ApplicationDispatcher.processRequest(ApplicationDispatcher.java:436)
	at org.apache.catalina.core.ApplicationDispatcher.doForward(ApplicationDispatcher.java:374)
	at org.apache.catalina.core.ApplicationDispatcher.forward(ApplicationDispatcher.java:302)
	at org.apache.struts.action.RequestProcessor.doForward(RequestProcessor.java:1063)
	at org.apache.struts.tiles.TilesRequestProcessor.doForward(TilesRequestProcessor.java:263)
	at org.apache.struts.action.RequestProcessor.processForwardConfig(RequestProcessor.java:386)
	at org.apache.struts.tiles.TilesRequestProcessor.processForwardConfig(TilesRequestProcessor.java:318)
	at org.apache.struts.action.RequestProcessor.process(RequestProcessor.java:229)
	at org.apache.struts.action.ActionServlet.process(ActionServlet.java:1194)
	at org.apache.struts.action.ActionServlet.doGet(ActionServlet.java:414)
	at javax.servlet.http.HttpServlet.service(HttpServlet.java:617)
	at javax.servlet.http.HttpServlet.service(HttpServlet.java:717)
	at org.apache.catalina.core.ApplicationFilterChain.internalDoFilter(ApplicationFilterChain.java:290)
	at org.apache.catalina.core.ApplicationFilterChain.doFilter(ApplicationFilterChain.java:206)
	at org.jresearch.gossip.filters.SignOnFilter.doFilter(SignOnFilter.java:91)
	at org.apache.catalina.core.ApplicationFilterChain.internalDoFilter(ApplicationFilterChain.java:235)
	at org.apache.catalina.core.ApplicationFilterChain.doFilter(ApplicationFilterChain.java:206)
	at org.jresearch.gossip.filters.BanFilter.doFilter(BanFilter.java:122)
	at org.apache.catalina.core.ApplicationFilterChain.internalDoFilter(ApplicationFilterChain.java:235)
	at org.apache.catalina.core.ApplicationFilterChain.doFilter(ApplicationFilterChain.java:206)
	at org.jresearch.gossip.filters.AutoLoginFilter.doFilter(AutoLoginFilter.java:213)
	at org.apache.catalina.core.ApplicationFilterChain.internalDoFilter(ApplicationFilterChain.java:235)
	at org.apache.catalina.core.ApplicationFilterChain.doFilter(ApplicationFilterChain.java:206)
	at org.jresearch.gossip.filters.gzip.CompressionFilter.doFilter(CompressionFilter.java:92)
	at org.apache.catalina.core.ApplicationFilterChain.internalDoFilter(ApplicationFilterChain.java:235)
	at org.apache.catalina.core.ApplicationFilterChain.doFilter(ApplicationFilterChain.java:206)
	at org.jresearch.gossip.filters.SetCharacterEncodingFilter.doFilter(SetCharacterEncodingFilter.java:180)
	at org.apache.catalina.core.ApplicationFilterChain.internalDoFilter(ApplicationFilterChain.java:235)
	at org.apache.catalina.core.ApplicationFilterChain.doFilter(ApplicationFilterChain.java:206)
	at org.apache.catalina.core.StandardWrapperValve.invoke(StandardWrapperValve.java:233)
	at org.apache.catalina.core.StandardContextValve.invoke(StandardContextValve.java:191)
	at org.apache.catalina.authenticator.AuthenticatorBase.invoke(AuthenticatorBase.java:470)
	at org.apache.catalina.core.StandardHostValve.invoke(StandardHostValve.java:127)
	at org.apache.catalina.valves.ErrorReportValve.invoke(ErrorReportValve.java:102)
	at org.apache.catalina.core.StandardEngineValve.invoke(StandardEngineValve.java:109)
	at org.apache.catalina.connector.CoyoteAdapter.service(CoyoteAdapter.java:293)
	at org.apache.coyote.http11.Http11Processor.process(Http11Processor.java:859)
	at org.apache.coyote.http11.Http11Protocol$Http11ConnectionHandler.process(Http11Protocol.java:602)
	at org.apache.tomcat.util.net.JIoEndpoint$Worker.run(JIoEndpoint.java:489)
	at java.lang.Thread.run(Thread.java:735)
25-Jan-2012 5:00:47 PM org.apache.catalina.core.ApplicationDispatcher invoke
SEVERE: Servlet.service() for servlet jsp threw exception
Throwable occurred: javax.servlet.ServletException: File &quot;/errorInJsp.jsp&quot; not found
	at org.apache.jasper.servlet.JspServlet.handleMissingResource(JspServlet.java:335)
	at org.apache.jasper.servlet.JspServlet.serviceJspFile(JspServlet.java:301)
	at org.apache.jasper.servlet.JspServlet.service(JspServlet.java:260)
	at javax.servlet.http.HttpServlet.service(HttpServlet.java:717)
	at org.apache.catalina.core.ApplicationFilterChain.internalDoFilter(ApplicationFilterChain.java:290)
	at org.apache.catalina.core.ApplicationFilterChain.doFilter(ApplicationFilterChain.java:206)
	at org.apache.catalina.core.ApplicationDispatcher.invoke(ApplicationDispatcher.java:646)
	at org.apache.catalina.core.ApplicationDispatcher.doInclude(ApplicationDispatcher.java:551)
	at org.apache.catalina.core.ApplicationDispatcher.include(ApplicationDispatcher.java:488)
	at org.apache.jasper.runtime.JspRuntimeLibrary.include(JspRuntimeLibrary.java:968)
	at org.apache.jasper.runtime.PageContextImpl.include(PageContextImpl.java:624)
	at org.apache.jasper.runtime.PageContextImpl.doHandlePageException(PageContextImpl.java:823)
	at org.apache.jasper.runtime.PageContextImpl.handlePageException(PageContextImpl.java:794)
	at org.apache.jsp.jgossip.layout_jsp._jspService(layout_jsp.java:312)
	at org.apache.jasper.runtime.HttpJspBase.service(HttpJspBase.java:70)
	at javax.servlet.http.HttpServlet.service(HttpServlet.java:717)
	at org.apache.jasper.servlet.JspServletWrapper.service(JspServletWrapper.java:388)
	at org.apache.jasper.servlet.JspServlet.serviceJspFile(JspServlet.java:313)
	at org.apache.jasper.servlet.JspServlet.service(JspServlet.java:260)
	at javax.servlet.http.HttpServlet.service(HttpServlet.java:717)
	at org.apache.catalina.core.ApplicationFilterChain.internalDoFilter(ApplicationFilterChain.java:290)
	at org.apache.catalina.core.ApplicationFilterChain.doFilter(ApplicationFilterChain.java:206)
	at org.apache.catalina.core.ApplicationDispatcher.invoke(ApplicationDispatcher.java:646)
	at org.apache.catalina.core.ApplicationDispatcher.processRequest(ApplicationDispatcher.java:436)
	at org.apache.catalina.core.ApplicationDispatcher.doForward(ApplicationDispatcher.java:374)
	at org.apache.catalina.core.ApplicationDispatcher.forward(ApplicationDispatcher.java:302)
	at org.apache.struts.action.RequestProcessor.doForward(RequestProcessor.java:1063)
	at org.apache.struts.tiles.TilesRequestProcessor.doForward(TilesRequestProcessor.java:263)
	at org.apache.struts.tiles.TilesRequestProcessor.processTilesDefinition(TilesRequestProcessor.java:239)
	at org.apache.struts.tiles.TilesRequestProcessor.processForwardConfig(TilesRequestProcessor.java:302)
	at org.apache.struts.action.RequestProcessor.process(RequestProcessor.java:229)
	at org.apache.struts.action.ActionServlet.process(ActionServlet.java:1194)
	at org.apache.struts.action.ActionServlet.doGet(ActionServlet.java:414)
	at javax.servlet.http.HttpServlet.service(HttpServlet.java:617)
	at javax.servlet.http.HttpServlet.service(HttpServlet.java:717)
	at org.apache.catalina.core.ApplicationFilterChain.internalDoFilter(ApplicationFilterChain.java:290)
	at org.apache.catalina.core.ApplicationFilterChain.doFilter(ApplicationFilterChain.java:206)
	at org.apache.catalina.core.ApplicationDispatcher.invoke(ApplicationDispatcher.java:646)
	at org.apache.catalina.core.ApplicationDispatcher.processRequest(ApplicationDispatcher.java:436)
	at org.apache.catalina.core.ApplicationDispatcher.doForward(ApplicationDispatcher.java:374)
	at org.apache.catalina.core.ApplicationDispatcher.forward(ApplicationDispatcher.java:302)
	at org.apache.struts.action.RequestProcessor.doForward(RequestProcessor.java:1063)
	at org.apache.struts.tiles.TilesRequestProcessor.doForward(TilesRequestProcessor.java:263)
	at org.apache.struts.action.RequestProcessor.processForwardConfig(RequestProcessor.java:386)
	at org.apache.struts.tiles.TilesRequestProcessor.processForwardConfig(TilesRequestProcessor.java:318)
	at org.apache.struts.action.RequestProcessor.process(RequestProcessor.java:229)
	at org.apache.struts.action.ActionServlet.process(ActionServlet.java:1194)
	at org.apache.struts.action.ActionServlet.doGet(ActionServlet.java:414)
	at javax.servlet.http.HttpServlet.service(HttpServlet.java:617)
	at javax.servlet.http.HttpServlet.service(HttpServlet.java:717)
	at org.apache.catalina.core.ApplicationFilterChain.internalDoFilter(ApplicationFilterChain.java:290)
	at org.apache.catalina.core.ApplicationFilterChain.doFilter(ApplicationFilterChain.java:206)
	at org.jresearch.gossip.filters.SignOnFilter.doFilter(SignOnFilter.java:91)
	at org.apache.catalina.core.ApplicationFilterChain.internalDoFilter(ApplicationFilterChain.java:235)
	at org.apache.catalina.core.ApplicationFilterChain.doFilter(ApplicationFilterChain.java:206)
	at org.jresearch.gossip.filters.BanFilter.doFilter(BanFilter.java:122)
	at org.apache.catalina.core.ApplicationFilterChain.internalDoFilter(ApplicationFilterChain.java:235)
	at org.apache.catalina.core.ApplicationFilterChain.doFilter(ApplicationFilterChain.java:206)
	at org.jresearch.gossip.filters.AutoLoginFilter.doFilter(AutoLoginFilter.java:213)
	at org.apache.catalina.core.ApplicationFilterChain.internalDoFilter(ApplicationFilterChain.java:235)
	at org.apache.catalina.core.ApplicationFilterChain.doFilter(ApplicationFilterChain.java:206)
	at org.jresearch.gossip.filters.gzip.CompressionFilter.doFilter(CompressionFilter.java:92)
	at org.apache.catalina.core.ApplicationFilterChain.internalDoFilter(ApplicationFilterChain.java:235)
	at org.apache.catalina.core.ApplicationFilterChain.doFilter(ApplicationFilterChain.java:206)
	at org.jresearch.gossip.filters.SetCharacterEncodingFilter.doFilter(SetCharacterEncodingFilter.java:180)
	at org.apache.catalina.core.ApplicationFilterChain.internalDoFilter(ApplicationFilterChain.java:235)
	at org.apache.catalina.core.ApplicationFilterChain.doFilter(ApplicationFilterChain.java:206)
	at org.apache.catalina.core.StandardWrapperValve.invoke(StandardWrapperValve.java:233)
	at org.apache.catalina.core.StandardContextValve.invoke(StandardContextValve.java:191)
	at org.apache.catalina.authenticator.AuthenticatorBase.invoke(AuthenticatorBase.java:470)
	at org.apache.catalina.core.StandardHostValve.invoke(StandardHostValve.java:127)
	at org.apache.catalina.valves.ErrorReportValve.invoke(ErrorReportValve.java:102)
	at org.apache.catalina.core.StandardEngineValve.invoke(StandardEngineValve.java:109)
	at org.apache.catalina.connector.CoyoteAdapter.service(CoyoteAdapter.java:293)
	at org.apache.coyote.http11.Http11Processor.process(Http11Processor.java:859)
	at org.apache.coyote.http11.Http11Protocol$Http11ConnectionHandler.process(Http11Protocol.java:602)
	at org.apache.tomcat.util.net.JIoEndpoint$Worker.run(JIoEndpoint.java:489)
	at java.lang.Thread.run(Thread.java:735)
25-Jan-2012 5:00:47 PM org.apache.catalina.core.ApplicationDispatcher invoke
SEVERE: Servlet.service() for servlet jsp threw exception
Throwable occurred: javax.servlet.ServletException: File &quot;/errorInJsp.jsp&quot; not found
	at org.apache.jasper.servlet.JspServlet.handleMissingResource(JspServlet.java:335)
	at org.apache.jasper.servlet.JspServlet.serviceJspFile(JspServlet.java:301)
	at org.apache.jasper.servlet.JspServlet.service(JspServlet.java:260)
	at javax.servlet.http.HttpServlet.service(HttpServlet.java:717)
	at org.apache.catalina.core.ApplicationFilterChain.internalDoFilter(ApplicationFilterChain.java:290)
	at org.apache.catalina.core.ApplicationFilterChain.doFilter(ApplicationFilterChain.java:206)
	at org.apache.catalina.core.ApplicationDispatcher.invoke(ApplicationDispatcher.java:646)
	at org.apache.catalina.core.ApplicationDispatcher.doInclude(ApplicationDispatcher.java:551)
	at org.apache.catalina.core.ApplicationDispatcher.include(ApplicationDispatcher.java:488)
	at org.apache.jasper.runtime.JspRuntimeLibrary.include(JspRuntimeLibrary.java:968)
	at org.apache.jasper.runtime.PageContextImpl.include(PageContextImpl.java:624)
	at org.apache.jasper.runtime.PageContextImpl.doHandlePageException(PageContextImpl.java:823)
	at org.apache.jasper.runtime.PageContextImpl.handlePageException(PageContextImpl.java:794)
	at org.apache.jsp.jgossip.layout_jsp._jspService(layout_jsp.java:312)
	at org.apache.jasper.runtime.HttpJspBase.service(HttpJspBase.java:70)
	at javax.servlet.http.HttpServlet.service(HttpServlet.java:717)
	at org.apache.jasper.servlet.JspServletWrapper.service(JspServletWrapper.java:388)
	at org.apache.jasper.servlet.JspServlet.serviceJspFile(JspServlet.java:313)
	at org.apache.jasper.servlet.JspServlet.service(JspServlet.java:260)
	at javax.servlet.http.HttpServlet.service(HttpServlet.java:717)
	at org.apache.catalina.core.ApplicationFilterChain.internalDoFilter(ApplicationFilterChain.java:290)
	at org.apache.catalina.core.ApplicationFilterChain.doFilter(ApplicationFilterChain.java:206)
	at org.apache.catalina.core.ApplicationDispatcher.invoke(ApplicationDispatcher.java:646)
	at org.apache.catalina.core.ApplicationDispatcher.processRequest(ApplicationDispatcher.java:436)
	at org.apache.catalina.core.ApplicationDispatcher.doForward(ApplicationDispatcher.java:374)
	at org.apache.catalina.core.ApplicationDispatcher.forward(ApplicationDispatcher.java:302)
	at org.apache.struts.action.RequestProcessor.doForward(RequestProcessor.java:1063)
	at org.apache.struts.tiles.TilesRequestProcessor.doForward(TilesRequestProcessor.java:263)
	at org.apache.struts.tiles.TilesRequestProcessor.processTilesDefinition(TilesRequestProcessor.java:239)
	at org.apache.struts.tiles.TilesRequestProcessor.processForwardConfig(TilesRequestProcessor.java:302)
	at org.apache.struts.action.RequestProcessor.process(RequestProcessor.java:229)
	at org.apache.struts.action.ActionServlet.process(ActionServlet.java:1194)
	at org.apache.struts.action.ActionServlet.doGet(ActionServlet.java:414)
	at javax.servlet.http.HttpServlet.service(HttpServlet.java:617)
	at javax.servlet.http.HttpServlet.service(HttpServlet.java:717)
	at org.apache.catalina.core.ApplicationFilterChain.internalDoFilter(ApplicationFilterChain.java:290)
	at org.apache.catalina.core.ApplicationFilterChain.doFilter(ApplicationFilterChain.java:206)
	at org.apache.catalina.core.ApplicationDispatcher.invoke(ApplicationDispatcher.java:646)
	at org.apache.catalina.core.ApplicationDispatcher.processRequest(ApplicationDispatcher.java:436)
	at org.apache.catalina.core.ApplicationDispatcher.doForward(ApplicationDispatcher.java:374)
	at org.apache.catalina.core.ApplicationDispatcher.forward(ApplicationDispatcher.java:302)
	at org.apache.struts.action.RequestProcessor.doForward(RequestProcessor.java:1063)
	at org.apache.struts.tiles.TilesRequestProcessor.doForward(TilesRequestProcessor.java:263)
	at org.apache.struts.action.RequestProcessor.processForwardConfig(RequestProcessor.java:386)
	at org.apache.struts.tiles.TilesRequestProcessor.processForwardConfig(TilesRequestProcessor.java:318)
	at org.apache.struts.action.RequestProcessor.process(RequestProcessor.java:229)
	at org.apache.struts.action.ActionServlet.process(ActionServlet.java:1194)
	at org.apache.struts.action.ActionServlet.doGet(ActionServlet.java:414)
	at javax.servlet.http.HttpServlet.service(HttpServlet.java:617)
	at javax.servlet.http.HttpServlet.service(HttpServlet.java:717)
	at org.apache.catalina.core.ApplicationFilterChain.internalDoFilter(ApplicationFilterChain.java:290)
	at org.apache.catalina.core.ApplicationFilterChain.doFilter(ApplicationFilterChain.java:206)
	at org.jresearch.gossip.filters.SignOnFilter.doFilter(SignOnFilter.java:91)
	at org.apache.catalina.core.ApplicationFilterChain.internalDoFilter(ApplicationFilterChain.java:235)
	at org.apache.catalina.core.ApplicationFilterChain.doFilter(ApplicationFilterChain.java:206)
	at org.jresearch.gossip.filters.BanFilter.doFilter(BanFilter.java:122)
	at org.apache.catalina.core.ApplicationFilterChain.internalDoFilter(ApplicationFilterChain.java:235)
	at org.apache.catalina.core.ApplicationFilterChain.doFilter(ApplicationFilterChain.java:206)
	at org.jresearch.gossip.filters.AutoLoginFilter.doFilter(AutoLoginFilter.java:213)
	at org.apache.catalina.core.ApplicationFilterChain.internalDoFilter(ApplicationFilterChain.java:235)
	at org.apache.catalina.core.ApplicationFilterChain.doFilter(ApplicationFilterChain.java:206)
	at org.jresearch.gossip.filters.gzip.CompressionFilter.doFilter(CompressionFilter.java:92)
	at org.apache.catalina.core.ApplicationFilterChain.internalDoFilter(ApplicationFilterChain.java:235)
	at org.apache.catalina.core.ApplicationFilterChain.doFilter(ApplicationFilterChain.java:206)
	at org.jresearch.gossip.filters.SetCharacterEncodingFilter.doFilter(SetCharacterEncodingFilter.java:180)
	at org.apache.catalina.core.ApplicationFilterChain.internalDoFilter(ApplicationFilterChain.java:235)
	at org.apache.catalina.core.ApplicationFilterChain.doFilter(ApplicationFilterChain.java:206)
	at org.apache.catalina.core.StandardWrapperValve.invoke(StandardWrapperValve.java:233)
	at org.apache.catalina.core.StandardContextValve.invoke(StandardContextValve.java:191)
	at org.apache.catalina.authenticator.AuthenticatorBase.invoke(AuthenticatorBase.java:470)
	at org.apache.catalina.core.StandardHostValve.invoke(StandardHostValve.java:127)
	at org.apache.catalina.valves.ErrorReportValve.invoke(ErrorReportValve.java:102)
	at org.apache.catalina.core.StandardEngineValve.invoke(StandardEngineValve.java:109)
	at org.apache.catalina.connector.CoyoteAdapter.service(CoyoteAdapter.java:293)
	at org.apache.coyote.http11.Http11Processor.process(Http11Processor.java:859)
	at org.apache.coyote.http11.Http11Protocol$Http11ConnectionHandler.process(Http11Protocol.java:602)
	at org.apache.tomcat.util.net.JIoEndpoint$Worker.run(JIoEndpoint.java:489)
	at java.lang.Thread.run(Thread.java:735)
25-Jan-2012 5:00:47 PM org.apache.catalina.core.ApplicationDispatcher invoke
SEVERE: Servlet.service() for servlet action threw exception
Throwable occurred: javax.servlet.ServletException: File &quot;/errorInJsp.jsp&quot; not found
	at org.apache.jasper.servlet.JspServlet.handleMissingResource(JspServlet.java:335)
	at org.apache.jasper.servlet.JspServlet.serviceJspFile(JspServlet.java:301)
	at org.apache.jasper.servlet.JspServlet.service(JspServlet.java:260)
	at javax.servlet.http.HttpServlet.service(HttpServlet.java:717)
	at org.apache.catalina.core.ApplicationFilterChain.internalDoFilter(ApplicationFilterChain.java:290)
	at org.apache.catalina.core.ApplicationFilterChain.doFilter(ApplicationFilterChain.java:206)
	at org.apache.catalina.core.ApplicationDispatcher.invoke(ApplicationDispatcher.java:646)
	at org.apache.catalina.core.ApplicationDispatcher.doInclude(ApplicationDispatcher.java:551)
	at org.apache.catalina.core.ApplicationDispatcher.include(ApplicationDispatcher.java:488)
	at org.apache.jasper.runtime.JspRuntimeLibrary.include(JspRuntimeLibrary.java:968)
	at org.apache.jasper.runtime.PageContextImpl.include(PageContextImpl.java:624)
	at org.apache.jasper.runtime.PageContextImpl.doHandlePageException(PageContextImpl.java:823)
	at org.apache.jasper.runtime.PageContextImpl.handlePageException(PageContextImpl.java:794)
	at org.apache.jsp.jgossip.layout_jsp._jspService(layout_jsp.java:312)
	at org.apache.jasper.runtime.HttpJspBase.service(HttpJspBase.java:70)
	at javax.servlet.http.HttpServlet.service(HttpServlet.java:717)
	at org.apache.jasper.servlet.JspServletWrapper.service(JspServletWrapper.java:388)
	at org.apache.jasper.servlet.JspServlet.serviceJspFile(JspServlet.java:313)
	at org.apache.jasper.servlet.JspServlet.service(JspServlet.java:260)
	at javax.servlet.http.HttpServlet.service(HttpServlet.java:717)
	at org.apache.catalina.core.ApplicationFilterChain.internalDoFilter(ApplicationFilterChain.java:290)
	at org.apache.catalina.core.ApplicationFilterChain.doFilter(ApplicationFilterChain.java:206)
	at org.apache.catalina.core.ApplicationDispatcher.invoke(ApplicationDispatcher.java:646)
	at org.apache.catalina.core.ApplicationDispatcher.processRequest(ApplicationDispatcher.java:436)
	at org.apache.catalina.core.ApplicationDispatcher.doForward(ApplicationDispatcher.java:374)
	at org.apache.catalina.core.ApplicationDispatcher.forward(ApplicationDispatcher.java:302)
	at org.apache.struts.action.RequestProcessor.doForward(RequestProcessor.java:1063)
	at org.apache.struts.tiles.TilesRequestProcessor.doForward(TilesRequestProcessor.java:263)
	at org.apache.struts.tiles.TilesRequestProcessor.processTilesDefinition(TilesRequestProcessor.java:239)
	at org.apache.struts.tiles.TilesRequestProcessor.processForwardConfig(TilesRequestProcessor.java:302)
	at org.apache.struts.action.RequestProcessor.process(RequestProcessor.java:229)
	at org.apache.struts.action.ActionServlet.process(ActionServlet.java:1194)
	at org.apache.struts.action.ActionServlet.doGet(ActionServlet.java:414)
	at javax.servlet.http.HttpServlet.service(HttpServlet.java:617)
	at javax.servlet.http.HttpServlet.service(HttpServlet.java:717)
	at org.apache.catalina.core.ApplicationFilterChain.internalDoFilter(ApplicationFilterChain.java:290)
	at org.apache.catalina.core.ApplicationFilterChain.doFilter(ApplicationFilterChain.java:206)
	at org.apache.catalina.core.ApplicationDispatcher.invoke(ApplicationDispatcher.java:646)
	at org.apache.catalina.core.ApplicationDispatcher.processRequest(ApplicationDispatcher.java:436)
	at org.apache.catalina.core.ApplicationDispatcher.doForward(ApplicationDispatcher.java:374)
	at org.apache.catalina.core.ApplicationDispatcher.forward(ApplicationDispatcher.java:302)
	at org.apache.struts.action.RequestProcessor.doForward(RequestProcessor.java:1063)
	at org.apache.struts.tiles.TilesRequestProcessor.doForward(TilesRequestProcessor.java:263)
	at org.apache.struts.action.RequestProcessor.processForwardConfig(RequestProcessor.java:386)
	at org.apache.struts.tiles.TilesRequestProcessor.processForwardConfig(TilesRequestProcessor.java:318)
	at org.apache.struts.action.RequestProcessor.process(RequestProcessor.java:229)
	at org.apache.struts.action.ActionServlet.process(ActionServlet.java:1194)
	at org.apache.struts.action.ActionServlet.doGet(ActionServlet.java:414)
	at javax.servlet.http.HttpServlet.service(HttpServlet.java:617)
	at javax.servlet.http.HttpServlet.service(HttpServlet.java:717)
	at org.apache.catalina.core.ApplicationFilterChain.internalDoFilter(ApplicationFilterChain.java:290)
	at org.apache.catalina.core.ApplicationFilterChain.doFilter(ApplicationFilterChain.java:206)
	at org.jresearch.gossip.filters.SignOnFilter.doFilter(SignOnFilter.java:91)
	at org.apache.catalina.core.ApplicationFilterChain.internalDoFilter(ApplicationFilterChain.java:235)
	at org.apache.catalina.core.ApplicationFilterChain.doFilter(ApplicationFilterChain.java:206)
	at org.jresearch.gossip.filters.BanFilter.doFilter(BanFilter.java:122)
	at org.apache.catalina.core.ApplicationFilterChain.internalDoFilter(ApplicationFilterChain.java:235)
	at org.apache.catalina.core.ApplicationFilterChain.doFilter(ApplicationFilterChain.java:206)
	at org.jresearch.gossip.filters.AutoLoginFilter.doFilter(AutoLoginFilter.java:213)
	at org.apache.catalina.core.ApplicationFilterChain.internalDoFilter(ApplicationFilterChain.java:235)
	at org.apache.catalina.core.ApplicationFilterChain.doFilter(ApplicationFilterChain.java:206)
	at org.jresearch.gossip.filters.gzip.CompressionFilter.doFilter(CompressionFilter.java:92)
	at org.apache.catalina.core.ApplicationFilterChain.internalDoFilter(ApplicationFilterChain.java:235)
	at org.apache.catalina.core.ApplicationFilterChain.doFilter(ApplicationFilterChain.java:206)
	at org.jresearch.gossip.filters.SetCharacterEncodingFilter.doFilter(SetCharacterEncodingFilter.java:180)
	at org.apache.catalina.core.ApplicationFilterChain.internalDoFilter(ApplicationFilterChain.java:235)
	at org.apache.catalina.core.ApplicationFilterChain.doFilter(ApplicationFilterChain.java:206)
	at org.apache.catalina.core.StandardWrapperValve.invoke(StandardWrapperValve.java:233)
	at org.apache.catalina.core.StandardContextValve.invoke(StandardContextValve.java:191)
	at org.apache.catalina.authenticator.AuthenticatorBase.invoke(AuthenticatorBase.java:470)
	at org.apache.catalina.core.StandardHostValve.invoke(StandardHostValve.java:127)
	at org.apache.catalina.valves.ErrorReportValve.invoke(ErrorReportValve.java:102)
	at org.apache.catalina.core.StandardEngineValve.invoke(StandardEngineValve.java:109)
	at org.apache.catalina.connector.CoyoteAdapter.service(CoyoteAdapter.java:293)
	at org.apache.coyote.http11.Http11Processor.process(Http11Processor.java:859)
	at org.apache.coyote.http11.Http11Protocol$Http11ConnectionHandler.process(Http11Protocol.java:602)
	at org.apache.tomcat.util.net.JIoEndpoint$Worker.run(JIoEndpoint.java:489)
	at java.lang.Thread.run(Thread.java:735)
25-Jan-2012 5:00:47 PM org.apache.catalina.core.StandardWrapperValve invoke
SEVERE: Servlet.service() for servlet action threw exception
Throwable occurred: javax.servlet.ServletException: File &quot;/errorInJsp.jsp&quot; not found
	at org.apache.jasper.servlet.JspServlet.handleMissingResource(JspServlet.java:335)
	at org.apache.jasper.servlet.JspServlet.serviceJspFile(JspServlet.java:301)
	at org.apache.jasper.servlet.JspServlet.service(JspServlet.java:260)
	at javax.servlet.http.HttpServlet.service(HttpServlet.java:717)
	at org.apache.catalina.core.ApplicationFilterChain.internalDoFilter(ApplicationFilterChain.java:290)
	at org.apache.catalina.core.ApplicationFilterChain.doFilter(ApplicationFilterChain.java:206)
	at org.apache.catalina.core.ApplicationDispatcher.invoke(ApplicationDispatcher.java:646)
	at org.apache.catalina.core.ApplicationDispatcher.doInclude(ApplicationDispatcher.java:551)
	at org.apache.catalina.core.ApplicationDispatcher.include(ApplicationDispatcher.java:488)
	at org.apache.jasper.runtime.JspRuntimeLibrary.include(JspRuntimeLibrary.java:968)
	at org.apache.jasper.runtime.PageContextImpl.include(PageContextImpl.java:624)
	at org.apache.jasper.runtime.PageContextImpl.doHandlePageException(PageContextImpl.java:823)
	at org.apache.jasper.runtime.PageContextImpl.handlePageException(PageContextImpl.java:794)
	at org.apache.jsp.jgossip.layout_jsp._jspService(layout_jsp.java:312)
	at org.apache.jasper.runtime.HttpJspBase.service(HttpJspBase.java:70)
	at javax.servlet.http.HttpServlet.service(HttpServlet.java:717)
	at org.apache.jasper.servlet.JspServletWrapper.service(JspServletWrapper.java:388)
	at org.apache.jasper.servlet.JspServlet.serviceJspFile(JspServlet.java:313)
	at org.apache.jasper.servlet.JspServlet.service(JspServlet.java:260)
	at javax.servlet.http.HttpServlet.service(HttpServlet.java:717)
	at org.apache.catalina.core.ApplicationFilterChain.internalDoFilter(ApplicationFilterChain.java:290)
	at org.apache.catalina.core.ApplicationFilterChain.doFilter(ApplicationFilterChain.java:206)
	at org.apache.catalina.core.ApplicationDispatcher.invoke(ApplicationDispatcher.java:646)
	at org.apache.catalina.core.ApplicationDispatcher.processRequest(ApplicationDispatcher.java:436)
	at org.apache.catalina.core.ApplicationDispatcher.doForward(ApplicationDispatcher.java:374)
	at org.apache.catalina.core.ApplicationDispatcher.forward(ApplicationDispatcher.java:302)
	at org.apache.struts.action.RequestProcessor.doForward(RequestProcessor.java:1063)
	at org.apache.struts.tiles.TilesRequestProcessor.doForward(TilesRequestProcessor.java:263)
	at org.apache.struts.tiles.TilesRequestProcessor.processTilesDefinition(TilesRequestProcessor.java:239)
	at org.apache.struts.tiles.TilesRequestProcessor.processForwardConfig(TilesRequestProcessor.java:302)
	at org.apache.struts.action.RequestProcessor.process(RequestProcessor.java:229)
	at org.apache.struts.action.ActionServlet.process(ActionServlet.java:1194)
	at org.apache.struts.action.ActionServlet.doGet(ActionServlet.java:414)
	at javax.servlet.http.HttpServlet.service(HttpServlet.java:617)
	at javax.servlet.http.HttpServlet.service(HttpServlet.java:717)
	at org.apache.catalina.core.ApplicationFilterChain.internalDoFilter(ApplicationFilterChain.java:290)
	at org.apache.catalina.core.ApplicationFilterChain.doFilter(ApplicationFilterChain.java:206)
	at org.apache.catalina.core.ApplicationDispatcher.invoke(ApplicationDispatcher.java:646)
	at org.apache.catalina.core.ApplicationDispatcher.processRequest(ApplicationDispatcher.java:436)
	at org.apache.catalina.core.ApplicationDispatcher.doForward(ApplicationDispatcher.java:374)
	at org.apache.catalina.core.ApplicationDispatcher.forward(ApplicationDispatcher.java:302)
	at org.apache.struts.action.RequestProcessor.doForward(RequestProcessor.java:1063)
	at org.apache.struts.tiles.TilesRequestProcessor.doForward(TilesRequestProcessor.java:263)
	at org.apache.struts.action.RequestProcessor.processForwardConfig(RequestProcessor.java:386)
	at org.apache.struts.tiles.TilesRequestProcessor.processForwardConfig(TilesRequestProcessor.java:318)
	at org.apache.struts.action.RequestProcessor.process(RequestProcessor.java:229)
	at org.apache.struts.action.ActionServlet.process(ActionServlet.java:1194)
	at org.apache.struts.action.ActionServlet.doGet(ActionServlet.java:414)
	at javax.servlet.http.HttpServlet.service(HttpServlet.java:617)
	at javax.servlet.http.HttpServlet.service(HttpServlet.java:717)
	at org.apache.catalina.core.ApplicationFilterChain.internalDoFilter(ApplicationFilterChain.java:290)
	at org.apache.catalina.core.ApplicationFilterChain.doFilter(ApplicationFilterChain.java:206)
	at org.jresearch.gossip.filters.SignOnFilter.doFilter(SignOnFilter.java:91)
	at org.apache.catalina.core.ApplicationFilterChain.internalDoFilter(ApplicationFilterChain.java:235)
	at org.apache.catalina.core.ApplicationFilterChain.doFilter(ApplicationFilterChain.java:206)
	at org.jresearch.gossip.filters.BanFilter.doFilter(BanFilter.java:122)
	at org.apache.catalina.core.ApplicationFilterChain.internalDoFilter(ApplicationFilterChain.java:235)
	at org.apache.catalina.core.ApplicationFilterChain.doFilter(ApplicationFilterChain.java:206)
	at org.jresearch.gossip.filters.AutoLoginFilter.doFilter(AutoLoginFilter.java:213)
	at org.apache.catalina.core.ApplicationFilterChain.internalDoFilter(ApplicationFilterChain.java:235)
	at org.apache.catalina.core.ApplicationFilterChain.doFilter(ApplicationFilterChain.java:206)
	at org.jresearch.gossip.filters.gzip.CompressionFilter.doFilter(CompressionFilter.java:92)
	at org.apache.catalina.core.ApplicationFilterChain.internalDoFilter(ApplicationFilterChain.java:235)
	at org.apache.catalina.core.ApplicationFilterChain.doFilter(ApplicationFilterChain.java:206)
	at org.jresearch.gossip.filters.SetCharacterEncodingFilter.doFilter(SetCharacterEncodingFilter.java:180)
	at org.apache.catalina.core.ApplicationFilterChain.internalDoFilter(ApplicationFilterChain.java:235)
	at org.apache.catalina.core.ApplicationFilterChain.doFilter(ApplicationFilterChain.java:206)
	at org.apache.catalina.core.StandardWrapperValve.invoke(StandardWrapperValve.java:233)
	at org.apache.catalina.core.StandardContextValve.invoke(StandardContextValve.java:191)
	at org.apache.catalina.authenticator.AuthenticatorBase.invoke(AuthenticatorBase.java:470)
	at org.apache.catalina.core.StandardHostValve.invoke(StandardHostValve.java:127)
	at org.apache.catalina.valves.ErrorReportValve.invoke(ErrorReportValve.java:102)
	at org.apache.catalina.core.StandardEngineValve.invoke(StandardEngineValve.java:109)
	at org.apache.catalina.connector.CoyoteAdapter.service(CoyoteAdapter.java:293)
	at org.apache.coyote.http11.Http11Processor.process(Http11Processor.java:859)
	at org.apache.coyote.http11.Http11Protocol$Http11ConnectionHandler.process(Http11Protocol.java:602)
	at org.apache.tomcat.util.net.JIoEndpoint$Worker.run(JIoEndpoint.java:489)
	at java.lang.Thread.run(Thread.java:735)
