2012-04-05 12:40:11[JGOSSIP-APP]INFO: init is started
2012-04-05 12:40:11[JGOSSIP-APP]DEBUG: avaible translations :[en, it, ru]
2012-04-05 12:40:12[JGOSSIP-APP]INFO: jGossip's MailQueue is created
2012-04-05 12:40:50[JGOSSIP-APP]DEBUG: try to load app.properties
2012-04-05 12:40:50[JGOSSIP-APP]DEBUG: try to load configuration from Data Base
2012-04-05 12:40:52[JGOSSIP-APP]DEBUG: adminmail is loaded
2012-04-05 12:40:52[JGOSSIP-APP]DEBUG: attachStorePath is loaded
2012-04-05 12:40:52[JGOSSIP-APP]DEBUG: defaultLocale is loaded
2012-04-05 12:40:52[JGOSSIP-APP]DEBUG: domainname is loaded
2012-04-05 12:40:52[JGOSSIP-APP]DEBUG: domainurl is loaded
2012-04-05 12:40:52[JGOSSIP-APP]DEBUG: enableAutoLogin is loaded
2012-04-05 12:40:52[JGOSSIP-APP]DEBUG: enableAvatar is loaded
2012-04-05 12:40:52[JGOSSIP-APP]DEBUG: enableEmailConfiramtion is loaded
2012-04-05 12:40:52[JGOSSIP-APP]DEBUG: enableExtSignOn is loaded
2012-04-05 12:40:52[JGOSSIP-APP]DEBUG: enableFileUpload is loaded
2012-04-05 12:40:53[JGOSSIP-APP]DEBUG: enableForumRegistration is loaded
2012-04-05 12:40:53[JGOSSIP-APP]DEBUG: enableForumSignOn is loaded
2012-04-05 12:40:53[JGOSSIP-APP]DEBUG: extLogOnActionUrl is loaded
2012-04-05 12:40:53[JGOSSIP-APP]DEBUG: extLogOutActionUrl is loaded
2012-04-05 12:40:53[JGOSSIP-APP]DEBUG: extRegistrationActionUrl is loaded
2012-04-05 12:40:53[JGOSSIP-APP]DEBUG: gzipCompress is loaded
2012-04-05 12:40:53[JGOSSIP-APP]DEBUG: invader is loaded
2012-04-05 12:40:53[JGOSSIP-APP]DEBUG: mailhost is loaded
2012-04-05 12:40:53[JGOSSIP-APP]DEBUG: mailpassword is loaded
2012-04-05 12:40:53[JGOSSIP-APP]DEBUG: mailuser is loaded
2012-04-05 12:40:53[JGOSSIP-APP]DEBUG: maxAttachCount is loaded
2012-04-05 12:40:53[JGOSSIP-APP]DEBUG: motto is loaded
2012-04-05 12:40:53[JGOSSIP-APP]DEBUG: periodForConfirmation is loaded
2012-04-05 12:40:53[JGOSSIP-APP]DEBUG: rssMaxItemCount is loaded
2012-04-05 12:40:53[JGOSSIP-APP]DEBUG: rssPeriod is loaded
2012-04-05 12:40:53[JGOSSIP-APP]DEBUG: rssTtl is loaded
2012-04-05 12:40:53[JGOSSIP-APP]DEBUG: sessionlength is loaded
2012-04-05 12:40:53[JGOSSIP-APP]DEBUG: sitename is loaded
2012-04-05 12:40:53[JGOSSIP-APP]DEBUG: smtpServerPort is loaded
2012-04-05 12:40:53[JGOSSIP-APP]DEBUG: /AddUser permission mapping is loaded
2012-04-05 12:40:53[JGOSSIP-APP]DEBUG: /EditProfile permission mapping is loaded
2012-04-05 12:40:53[JGOSSIP-APP]DEBUG: /SaveProfile permission mapping is loaded
2012-04-05 12:40:53[JGOSSIP-APP]DEBUG: /ChangePassword permission mapping is loaded
2012-04-05 12:40:53[JGOSSIP-APP]DEBUG: /SaveAvatar permission mapping is loaded
2012-04-05 12:40:53[JGOSSIP-APP]DEBUG: /SaveRemoteAvatar permission mapping is loaded
2012-04-05 12:40:53[JGOSSIP-APP]DEBUG: /ShowUserList permission mapping is loaded
2012-04-05 12:40:53[JGOSSIP-APP]DEBUG: /DeleteUser permission mapping is loaded
2012-04-05 12:40:53[JGOSSIP-APP]DEBUG: /PromoteUser permission mapping is loaded
2012-04-05 12:40:53[JGOSSIP-APP]DEBUG: /AddBan permission mapping is loaded
2012-04-05 12:40:53[JGOSSIP-APP]DEBUG: /DeleteBan permission mapping is loaded
2012-04-05 12:40:53[JGOSSIP-APP]DEBUG: /BanList permission mapping is loaded
2012-04-05 12:40:53[JGOSSIP-APP]DEBUG: /ShowUser permission mapping is loaded
2012-04-05 12:40:53[JGOSSIP-APP]DEBUG: /DropMod permission mapping is loaded
2012-04-05 12:40:53[JGOSSIP-APP]DEBUG: /AddMod permission mapping is loaded
2012-04-05 12:40:53[JGOSSIP-APP]DEBUG: /ShowGroupList permission mapping is loaded
2012-04-05 12:40:53[JGOSSIP-APP]DEBUG: /AddGroup permission mapping is loaded
2012-04-05 12:40:53[JGOSSIP-APP]DEBUG: /EditGroup permission mapping is loaded
2012-04-05 12:40:53[JGOSSIP-APP]DEBUG: /UpdateGroup permission mapping is loaded
2012-04-05 12:40:53[JGOSSIP-APP]DEBUG: /DeleteGroup permission mapping is loaded
2012-04-05 12:40:53[JGOSSIP-APP]DEBUG: /Main permission mapping is loaded
2012-04-05 12:40:53[JGOSSIP-APP]DEBUG: /Search permission mapping is loaded
2012-04-05 12:40:53[JGOSSIP-APP]DEBUG: /MarkRead permission mapping is loaded
2012-04-05 12:40:53[JGOSSIP-APP]DEBUG: /ShowForum permission mapping is loaded
2012-04-05 12:40:53[JGOSSIP-APP]DEBUG: /ShowNewTopics permission mapping is loaded
2012-04-05 12:40:53[JGOSSIP-APP]DEBUG: /LockForum permission mapping is loaded
2012-04-05 12:40:53[JGOSSIP-APP]DEBUG: /DeleteForum permission mapping is loaded
2012-04-05 12:40:53[JGOSSIP-APP]DEBUG: /EditForum permission mapping is loaded
2012-04-05 12:40:53[JGOSSIP-APP]DEBUG: /UpdateForum permission mapping is loaded
2012-04-05 12:40:53[JGOSSIP-APP]DEBUG: /AddForum permission mapping is loaded
2012-04-05 12:40:53[JGOSSIP-APP]DEBUG: /ShowThread permission mapping is loaded
2012-04-05 12:40:53[JGOSSIP-APP]DEBUG: /ShowMessage permission mapping is loaded
2012-04-05 12:40:53[JGOSSIP-APP]DEBUG: /UnAnnounce permission mapping is loaded
2012-04-05 12:40:53[JGOSSIP-APP]DEBUG: /MoveThread permission mapping is loaded
2012-04-05 12:40:53[JGOSSIP-APP]DEBUG: /ShowSubscriptions permission mapping is loaded
2012-04-05 12:40:53[JGOSSIP-APP]DEBUG: /Unsubscribe permission mapping is loaded
2012-04-05 12:40:53[JGOSSIP-APP]DEBUG: /Subscribe permission mapping is loaded
2012-04-05 12:40:53[JGOSSIP-APP]DEBUG: /ShowForumList permission mapping is loaded
2012-04-05 12:40:53[JGOSSIP-APP]DEBUG: /DeleteThread permission mapping is loaded
2012-04-05 12:40:53[JGOSSIP-APP]DEBUG: /LockThread permission mapping is loaded
2012-04-05 12:40:53[JGOSSIP-APP]DEBUG: /ProcessMessage permission mapping is loaded
2012-04-05 12:40:53[JGOSSIP-APP]DEBUG: /AddMessage permission mapping is loaded
2012-04-05 12:40:53[JGOSSIP-APP]DEBUG: /PreviewMessage permission mapping is loaded
2012-04-05 12:40:53[JGOSSIP-APP]DEBUG: /UpdateMessage permission mapping is loaded
2012-04-05 12:40:53[JGOSSIP-APP]DEBUG: /Reply permission mapping is loaded
2012-04-05 12:40:53[JGOSSIP-APP]DEBUG: /Quote permission mapping is loaded
2012-04-05 12:40:53[JGOSSIP-APP]DEBUG: /DeleteMessage permission mapping is loaded
2012-04-05 12:40:53[JGOSSIP-APP]DEBUG: /EditMessage permission mapping is loaded
2012-04-05 12:40:53[JGOSSIP-APP]DEBUG: /AttachFile permission mapping is loaded
2012-04-05 12:40:53[JGOSSIP-APP]DEBUG: /DeleteAttachment permission mapping is loaded
2012-04-05 12:40:53[JGOSSIP-APP]DEBUG: /EditAttachment permission mapping is loaded
2012-04-05 12:40:53[JGOSSIP-APP]DEBUG: /UpdateAttachInfo permission mapping is loaded
2012-04-05 12:40:53[JGOSSIP-APP]DEBUG: /DownloadAttachment permission mapping is loaded
2012-04-05 12:40:53[JGOSSIP-APP]DEBUG: /ShowAttachThumbnail permission mapping is loaded
2012-04-05 12:40:53[JGOSSIP-APP]DEBUG: /WhoIs permission mapping is loaded
2012-04-05 12:40:53[JGOSSIP-APP]DEBUG: /DropOldMess permission mapping is loaded
2012-04-05 12:40:53[JGOSSIP-APP]DEBUG: /EditConstants permission mapping is loaded
2012-04-05 12:40:53[JGOSSIP-APP]DEBUG: /SetMailPassword permission mapping is loaded
2012-04-05 12:40:53[JGOSSIP-APP]DEBUG: /UpdateStyles permission mapping is loaded
2012-04-05 12:40:53[JGOSSIP-APP]DEBUG: /SendAdminMail permission mapping is loaded
2012-04-05 12:40:53[JGOSSIP-APP]DEBUG: /Ranks permission mapping is loaded
2012-04-05 12:40:53[JGOSSIP-APP]DEBUG: /EditRank permission mapping is loaded
2012-04-05 12:40:53[JGOSSIP-APP]DEBUG: /DeleteRank permission mapping is loaded
2012-04-05 12:40:53[JGOSSIP-APP]DEBUG: /AddRank permission mapping is loaded
2012-04-05 12:40:53[JGOSSIP-APP]DEBUG: /UpdateRank permission mapping is loaded
2012-04-05 12:40:53[JGOSSIP-APP]DEBUG: /BrowseLog permission mapping is loaded
2012-04-05 12:40:53[JGOSSIP-APP]DEBUG: /SearchLog permission mapping is loaded
2012-04-05 12:40:53[JGOSSIP-APP]DEBUG: /PurgeLog permission mapping is loaded
2012-04-05 12:40:53[JGOSSIP-APP]DEBUG: /showSetAvatar permission mapping is loaded
2012-04-05 12:40:53[JGOSSIP-APP]DEBUG: /showChangePassword permission mapping is loaded
2012-04-05 12:40:53[JGOSSIP-APP]DEBUG: /showAddGroup permission mapping is loaded
2012-04-05 12:40:53[JGOSSIP-APP]DEBUG: /showEditGroup permission mapping is loaded
2012-04-05 12:40:53[JGOSSIP-APP]DEBUG: /showAddForum permission mapping is loaded
2012-04-05 12:40:53[JGOSSIP-APP]DEBUG: /showEditForum permission mapping is loaded
2012-04-05 12:40:53[JGOSSIP-APP]DEBUG: /showUnsubscribe permission mapping is loaded
2012-04-05 12:40:53[JGOSSIP-APP]DEBUG: /showMoveThread permission mapping is loaded
2012-04-05 12:40:53[JGOSSIP-APP]DEBUG: /showAddMessage permission mapping is loaded
2012-04-05 12:40:53[JGOSSIP-APP]DEBUG: /showEditMessage permission mapping is loaded
2012-04-05 12:40:53[JGOSSIP-APP]DEBUG: /showAttachedImage permission mapping is loaded
2012-04-05 12:40:53[JGOSSIP-APP]DEBUG: /showEditConstants permission mapping is loaded
2012-04-05 12:40:53[JGOSSIP-APP]DEBUG: /showEditStyles permission mapping is loaded
2012-04-05 12:40:53[JGOSSIP-APP]DEBUG: /showDropOldMess permission mapping is loaded
2012-04-05 12:40:53[JGOSSIP-APP]DEBUG: /showSetMailPassword permission mapping is loaded
2012-04-05 12:40:53[JGOSSIP-APP]DEBUG: /showSendAdminMail permission mapping is loaded
2012-04-05 02:00:10[JGOSSIP-APP]INFO: init is started
2012-04-05 02:00:10[JGOSSIP-APP]DEBUG: avaible translations :[en, it, ru]
2012-04-05 02:00:10[JGOSSIP-APP]INFO: jGossip's MailQueue is created
2012-04-05 02:00:47[JGOSSIP-APP]DEBUG: try to load app.properties
2012-04-05 02:00:47[JGOSSIP-APP]DEBUG: try to load configuration from Data Base
2012-04-05 02:00:50[JGOSSIP-APP]DEBUG: adminmail is loaded
2012-04-05 02:00:50[JGOSSIP-APP]DEBUG: attachStorePath is loaded
2012-04-05 02:00:50[JGOSSIP-APP]DEBUG: defaultLocale is loaded
2012-04-05 02:00:50[JGOSSIP-APP]DEBUG: domainname is loaded
2012-04-05 02:00:50[JGOSSIP-APP]DEBUG: domainurl is loaded
2012-04-05 02:00:50[JGOSSIP-APP]DEBUG: enableAutoLogin is loaded
2012-04-05 02:00:50[JGOSSIP-APP]DEBUG: enableAvatar is loaded
2012-04-05 02:00:50[JGOSSIP-APP]DEBUG: enableEmailConfiramtion is loaded
2012-04-05 02:00:50[JGOSSIP-APP]DEBUG: enableExtSignOn is loaded
2012-04-05 02:00:50[JGOSSIP-APP]DEBUG: enableFileUpload is loaded
2012-04-05 02:00:50[JGOSSIP-APP]DEBUG: enableForumRegistration is loaded
2012-04-05 02:00:50[JGOSSIP-APP]DEBUG: enableForumSignOn is loaded
2012-04-05 02:00:50[JGOSSIP-APP]DEBUG: extLogOnActionUrl is loaded
2012-04-05 02:00:50[JGOSSIP-APP]DEBUG: extLogOutActionUrl is loaded
2012-04-05 02:00:50[JGOSSIP-APP]DEBUG: extRegistrationActionUrl is loaded
2012-04-05 02:00:50[JGOSSIP-APP]DEBUG: gzipCompress is loaded
2012-04-05 02:00:50[JGOSSIP-APP]DEBUG: invader is loaded
2012-04-05 02:00:50[JGOSSIP-APP]DEBUG: mailhost is loaded
2012-04-05 02:00:50[JGOSSIP-APP]DEBUG: mailpassword is loaded
2012-04-05 02:00:50[JGOSSIP-APP]DEBUG: mailuser is loaded
2012-04-05 02:00:50[JGOSSIP-APP]DEBUG: maxAttachCount is loaded
2012-04-05 02:00:50[JGOSSIP-APP]DEBUG: motto is loaded
2012-04-05 02:00:50[JGOSSIP-APP]DEBUG: periodForConfirmation is loaded
2012-04-05 02:00:50[JGOSSIP-APP]DEBUG: rssMaxItemCount is loaded
2012-04-05 02:00:50[JGOSSIP-APP]DEBUG: rssPeriod is loaded
2012-04-05 02:00:50[JGOSSIP-APP]DEBUG: rssTtl is loaded
2012-04-05 02:00:50[JGOSSIP-APP]DEBUG: sessionlength is loaded
2012-04-05 02:00:50[JGOSSIP-APP]DEBUG: sitename is loaded
2012-04-05 02:00:50[JGOSSIP-APP]DEBUG: smtpServerPort is loaded
2012-04-05 02:00:51[JGOSSIP-APP]DEBUG: /AddUser permission mapping is loaded
2012-04-05 02:00:51[JGOSSIP-APP]DEBUG: /EditProfile permission mapping is loaded
2012-04-05 02:00:51[JGOSSIP-APP]DEBUG: /SaveProfile permission mapping is loaded
2012-04-05 02:00:51[JGOSSIP-APP]DEBUG: /ChangePassword permission mapping is loaded
2012-04-05 02:00:51[JGOSSIP-APP]DEBUG: /SaveAvatar permission mapping is loaded
2012-04-05 02:00:51[JGOSSIP-APP]DEBUG: /SaveRemoteAvatar permission mapping is loaded
2012-04-05 02:00:51[JGOSSIP-APP]DEBUG: /ShowUserList permission mapping is loaded
2012-04-05 02:00:51[JGOSSIP-APP]DEBUG: /DeleteUser permission mapping is loaded
2012-04-05 02:00:51[JGOSSIP-APP]DEBUG: /PromoteUser permission mapping is loaded
2012-04-05 02:00:51[JGOSSIP-APP]DEBUG: /AddBan permission mapping is loaded
2012-04-05 02:00:51[JGOSSIP-APP]DEBUG: /DeleteBan permission mapping is loaded
2012-04-05 02:00:51[JGOSSIP-APP]DEBUG: /BanList permission mapping is loaded
2012-04-05 02:00:51[JGOSSIP-APP]DEBUG: /ShowUser permission mapping is loaded
2012-04-05 02:00:51[JGOSSIP-APP]DEBUG: /DropMod permission mapping is loaded
2012-04-05 02:00:51[JGOSSIP-APP]DEBUG: /AddMod permission mapping is loaded
2012-04-05 02:00:51[JGOSSIP-APP]DEBUG: /ShowGroupList permission mapping is loaded
2012-04-05 02:00:51[JGOSSIP-APP]DEBUG: /AddGroup permission mapping is loaded
2012-04-05 02:00:51[JGOSSIP-APP]DEBUG: /EditGroup permission mapping is loaded
2012-04-05 02:00:51[JGOSSIP-APP]DEBUG: /UpdateGroup permission mapping is loaded
2012-04-05 02:00:51[JGOSSIP-APP]DEBUG: /DeleteGroup permission mapping is loaded
2012-04-05 02:00:51[JGOSSIP-APP]DEBUG: /Main permission mapping is loaded
2012-04-05 02:00:51[JGOSSIP-APP]DEBUG: /Search permission mapping is loaded
2012-04-05 02:00:51[JGOSSIP-APP]DEBUG: /MarkRead permission mapping is loaded
2012-04-05 02:00:51[JGOSSIP-APP]DEBUG: /ShowForum permission mapping is loaded
2012-04-05 02:00:51[JGOSSIP-APP]DEBUG: /ShowNewTopics permission mapping is loaded
2012-04-05 02:00:51[JGOSSIP-APP]DEBUG: /LockForum permission mapping is loaded
2012-04-05 02:00:51[JGOSSIP-APP]DEBUG: /DeleteForum permission mapping is loaded
2012-04-05 02:00:51[JGOSSIP-APP]DEBUG: /EditForum permission mapping is loaded
2012-04-05 02:00:51[JGOSSIP-APP]DEBUG: /UpdateForum permission mapping is loaded
2012-04-05 02:00:51[JGOSSIP-APP]DEBUG: /AddForum permission mapping is loaded
2012-04-05 02:00:51[JGOSSIP-APP]DEBUG: /ShowThread permission mapping is loaded
2012-04-05 02:00:51[JGOSSIP-APP]DEBUG: /ShowMessage permission mapping is loaded
2012-04-05 02:00:51[JGOSSIP-APP]DEBUG: /UnAnnounce permission mapping is loaded
2012-04-05 02:00:51[JGOSSIP-APP]DEBUG: /MoveThread permission mapping is loaded
2012-04-05 02:00:51[JGOSSIP-APP]DEBUG: /ShowSubscriptions permission mapping is loaded
2012-04-05 02:00:51[JGOSSIP-APP]DEBUG: /Unsubscribe permission mapping is loaded
2012-04-05 02:00:51[JGOSSIP-APP]DEBUG: /Subscribe permission mapping is loaded
2012-04-05 02:00:51[JGOSSIP-APP]DEBUG: /ShowForumList permission mapping is loaded
2012-04-05 02:00:51[JGOSSIP-APP]DEBUG: /DeleteThread permission mapping is loaded
2012-04-05 02:00:51[JGOSSIP-APP]DEBUG: /LockThread permission mapping is loaded
2012-04-05 02:00:51[JGOSSIP-APP]DEBUG: /ProcessMessage permission mapping is loaded
2012-04-05 02:00:51[JGOSSIP-APP]DEBUG: /AddMessage permission mapping is loaded
2012-04-05 02:00:51[JGOSSIP-APP]DEBUG: /PreviewMessage permission mapping is loaded
2012-04-05 02:00:51[JGOSSIP-APP]DEBUG: /UpdateMessage permission mapping is loaded
2012-04-05 02:00:51[JGOSSIP-APP]DEBUG: /Reply permission mapping is loaded
2012-04-05 02:00:51[JGOSSIP-APP]DEBUG: /Quote permission mapping is loaded
2012-04-05 02:00:51[JGOSSIP-APP]DEBUG: /DeleteMessage permission mapping is loaded
2012-04-05 02:00:51[JGOSSIP-APP]DEBUG: /EditMessage permission mapping is loaded
2012-04-05 02:00:51[JGOSSIP-APP]DEBUG: /AttachFile permission mapping is loaded
2012-04-05 02:00:51[JGOSSIP-APP]DEBUG: /DeleteAttachment permission mapping is loaded
2012-04-05 02:00:51[JGOSSIP-APP]DEBUG: /EditAttachment permission mapping is loaded
2012-04-05 02:00:51[JGOSSIP-APP]DEBUG: /UpdateAttachInfo permission mapping is loaded
2012-04-05 02:00:51[JGOSSIP-APP]DEBUG: /DownloadAttachment permission mapping is loaded
2012-04-05 02:00:51[JGOSSIP-APP]DEBUG: /ShowAttachThumbnail permission mapping is loaded
2012-04-05 02:00:51[JGOSSIP-APP]DEBUG: /WhoIs permission mapping is loaded
2012-04-05 02:00:51[JGOSSIP-APP]DEBUG: /DropOldMess permission mapping is loaded
2012-04-05 02:00:51[JGOSSIP-APP]DEBUG: /EditConstants permission mapping is loaded
2012-04-05 02:00:51[JGOSSIP-APP]DEBUG: /SetMailPassword permission mapping is loaded
2012-04-05 02:00:51[JGOSSIP-APP]DEBUG: /UpdateStyles permission mapping is loaded
2012-04-05 02:00:51[JGOSSIP-APP]DEBUG: /SendAdminMail permission mapping is loaded
2012-04-05 02:00:51[JGOSSIP-APP]DEBUG: /Ranks permission mapping is loaded
2012-04-05 02:00:51[JGOSSIP-APP]DEBUG: /EditRank permission mapping is loaded
2012-04-05 02:00:51[JGOSSIP-APP]DEBUG: /DeleteRank permission mapping is loaded
2012-04-05 02:00:51[JGOSSIP-APP]DEBUG: /AddRank permission mapping is loaded
2012-04-05 02:00:51[JGOSSIP-APP]DEBUG: /UpdateRank permission mapping is loaded
2012-04-05 02:00:51[JGOSSIP-APP]DEBUG: /BrowseLog permission mapping is loaded
2012-04-05 02:00:51[JGOSSIP-APP]DEBUG: /SearchLog permission mapping is loaded
2012-04-05 02:00:51[JGOSSIP-APP]DEBUG: /PurgeLog permission mapping is loaded
2012-04-05 02:00:51[JGOSSIP-APP]DEBUG: /showSetAvatar permission mapping is loaded
2012-04-05 02:00:51[JGOSSIP-APP]DEBUG: /showChangePassword permission mapping is loaded
2012-04-05 02:00:51[JGOSSIP-APP]DEBUG: /showAddGroup permission mapping is loaded
2012-04-05 02:00:51[JGOSSIP-APP]DEBUG: /showEditGroup permission mapping is loaded
2012-04-05 02:00:51[JGOSSIP-APP]DEBUG: /showAddForum permission mapping is loaded
2012-04-05 02:00:51[JGOSSIP-APP]DEBUG: /showEditForum permission mapping is loaded
2012-04-05 02:00:51[JGOSSIP-APP]DEBUG: /showUnsubscribe permission mapping is loaded
2012-04-05 02:00:51[JGOSSIP-APP]DEBUG: /showMoveThread permission mapping is loaded
2012-04-05 02:00:51[JGOSSIP-APP]DEBUG: /showAddMessage permission mapping is loaded
2012-04-05 02:00:51[JGOSSIP-APP]DEBUG: /showEditMessage permission mapping is loaded
2012-04-05 02:00:51[JGOSSIP-APP]DEBUG: /showAttachedImage permission mapping is loaded
2012-04-05 02:00:51[JGOSSIP-APP]DEBUG: /showEditConstants permission mapping is loaded
2012-04-05 02:00:51[JGOSSIP-APP]DEBUG: /showEditStyles permission mapping is loaded
2012-04-05 02:00:51[JGOSSIP-APP]DEBUG: /showDropOldMess permission mapping is loaded
2012-04-05 02:00:51[JGOSSIP-APP]DEBUG: /showSetMailPassword permission mapping is loaded
2012-04-05 02:00:51[JGOSSIP-APP]DEBUG: /showSendAdminMail permission mapping is loaded
2012-04-05 02:17:13[JGOSSIP-APP]INFO: init is started
2012-04-05 02:17:13[JGOSSIP-APP]DEBUG: avaible translations :[en, it, ru]
2012-04-05 02:17:13[JGOSSIP-APP]INFO: jGossip's MailQueue is created
2012-04-05 02:17:48[JGOSSIP-APP]DEBUG: try to load app.properties
2012-04-05 02:17:48[JGOSSIP-APP]DEBUG: try to load configuration from Data Base
2012-04-05 02:17:51[JGOSSIP-APP]DEBUG: adminmail is loaded
2012-04-05 02:17:51[JGOSSIP-APP]DEBUG: attachStorePath is loaded
2012-04-05 02:17:51[JGOSSIP-APP]DEBUG: defaultLocale is loaded
2012-04-05 02:17:51[JGOSSIP-APP]DEBUG: domainname is loaded
2012-04-05 02:17:51[JGOSSIP-APP]DEBUG: domainurl is loaded
2012-04-05 02:17:51[JGOSSIP-APP]DEBUG: enableAutoLogin is loaded
2012-04-05 02:17:51[JGOSSIP-APP]DEBUG: enableAvatar is loaded
2012-04-05 02:17:51[JGOSSIP-APP]DEBUG: enableEmailConfiramtion is loaded
2012-04-05 02:17:51[JGOSSIP-APP]DEBUG: enableExtSignOn is loaded
2012-04-05 02:17:51[JGOSSIP-APP]DEBUG: enableFileUpload is loaded
2012-04-05 02:17:51[JGOSSIP-APP]DEBUG: enableForumRegistration is loaded
2012-04-05 02:17:51[JGOSSIP-APP]DEBUG: enableForumSignOn is loaded
2012-04-05 02:17:51[JGOSSIP-APP]DEBUG: extLogOnActionUrl is loaded
2012-04-05 02:17:51[JGOSSIP-APP]DEBUG: extLogOutActionUrl is loaded
2012-04-05 02:17:51[JGOSSIP-APP]DEBUG: extRegistrationActionUrl is loaded
2012-04-05 02:17:51[JGOSSIP-APP]DEBUG: gzipCompress is loaded
2012-04-05 02:17:51[JGOSSIP-APP]DEBUG: invader is loaded
2012-04-05 02:17:51[JGOSSIP-APP]DEBUG: mailhost is loaded
2012-04-05 02:17:51[JGOSSIP-APP]DEBUG: mailpassword is loaded
2012-04-05 02:17:51[JGOSSIP-APP]DEBUG: mailuser is loaded
2012-04-05 02:17:51[JGOSSIP-APP]DEBUG: maxAttachCount is loaded
2012-04-05 02:17:51[JGOSSIP-APP]DEBUG: motto is loaded
2012-04-05 02:17:51[JGOSSIP-APP]DEBUG: periodForConfirmation is loaded
2012-04-05 02:17:51[JGOSSIP-APP]DEBUG: rssMaxItemCount is loaded
2012-04-05 02:17:51[JGOSSIP-APP]DEBUG: rssPeriod is loaded
2012-04-05 02:17:51[JGOSSIP-APP]DEBUG: rssTtl is loaded
2012-04-05 02:17:51[JGOSSIP-APP]DEBUG: sessionlength is loaded
2012-04-05 02:17:51[JGOSSIP-APP]DEBUG: sitename is loaded
2012-04-05 02:17:51[JGOSSIP-APP]DEBUG: smtpServerPort is loaded
2012-04-05 02:17:52[JGOSSIP-APP]DEBUG: /AddUser permission mapping is loaded
2012-04-05 02:17:52[JGOSSIP-APP]DEBUG: /EditProfile permission mapping is loaded
2012-04-05 02:17:52[JGOSSIP-APP]DEBUG: /SaveProfile permission mapping is loaded
2012-04-05 02:17:52[JGOSSIP-APP]DEBUG: /ChangePassword permission mapping is loaded
2012-04-05 02:17:52[JGOSSIP-APP]DEBUG: /SaveAvatar permission mapping is loaded
2012-04-05 02:17:52[JGOSSIP-APP]DEBUG: /SaveRemoteAvatar permission mapping is loaded
2012-04-05 02:17:52[JGOSSIP-APP]DEBUG: /ShowUserList permission mapping is loaded
2012-04-05 02:17:52[JGOSSIP-APP]DEBUG: /DeleteUser permission mapping is loaded
2012-04-05 02:17:52[JGOSSIP-APP]DEBUG: /PromoteUser permission mapping is loaded
2012-04-05 02:17:52[JGOSSIP-APP]DEBUG: /AddBan permission mapping is loaded
2012-04-05 02:17:52[JGOSSIP-APP]DEBUG: /DeleteBan permission mapping is loaded
2012-04-05 02:17:52[JGOSSIP-APP]DEBUG: /BanList permission mapping is loaded
2012-04-05 02:17:52[JGOSSIP-APP]DEBUG: /ShowUser permission mapping is loaded
2012-04-05 02:17:52[JGOSSIP-APP]DEBUG: /DropMod permission mapping is loaded
2012-04-05 02:17:52[JGOSSIP-APP]DEBUG: /AddMod permission mapping is loaded
2012-04-05 02:17:52[JGOSSIP-APP]DEBUG: /ShowGroupList permission mapping is loaded
2012-04-05 02:17:52[JGOSSIP-APP]DEBUG: /AddGroup permission mapping is loaded
2012-04-05 02:17:52[JGOSSIP-APP]DEBUG: /EditGroup permission mapping is loaded
2012-04-05 02:17:52[JGOSSIP-APP]DEBUG: /UpdateGroup permission mapping is loaded
2012-04-05 02:17:52[JGOSSIP-APP]DEBUG: /DeleteGroup permission mapping is loaded
2012-04-05 02:17:52[JGOSSIP-APP]DEBUG: /Main permission mapping is loaded
2012-04-05 02:17:52[JGOSSIP-APP]DEBUG: /Search permission mapping is loaded
2012-04-05 02:17:52[JGOSSIP-APP]DEBUG: /MarkRead permission mapping is loaded
2012-04-05 02:17:52[JGOSSIP-APP]DEBUG: /ShowForum permission mapping is loaded
2012-04-05 02:17:52[JGOSSIP-APP]DEBUG: /ShowNewTopics permission mapping is loaded
2012-04-05 02:17:52[JGOSSIP-APP]DEBUG: /LockForum permission mapping is loaded
2012-04-05 02:17:52[JGOSSIP-APP]DEBUG: /DeleteForum permission mapping is loaded
2012-04-05 02:17:52[JGOSSIP-APP]DEBUG: /EditForum permission mapping is loaded
2012-04-05 02:17:52[JGOSSIP-APP]DEBUG: /UpdateForum permission mapping is loaded
2012-04-05 02:17:52[JGOSSIP-APP]DEBUG: /AddForum permission mapping is loaded
2012-04-05 02:17:52[JGOSSIP-APP]DEBUG: /ShowThread permission mapping is loaded
2012-04-05 02:17:52[JGOSSIP-APP]DEBUG: /ShowMessage permission mapping is loaded
2012-04-05 02:17:52[JGOSSIP-APP]DEBUG: /UnAnnounce permission mapping is loaded
2012-04-05 02:17:52[JGOSSIP-APP]DEBUG: /MoveThread permission mapping is loaded
2012-04-05 02:17:52[JGOSSIP-APP]DEBUG: /ShowSubscriptions permission mapping is loaded
2012-04-05 02:17:52[JGOSSIP-APP]DEBUG: /Unsubscribe permission mapping is loaded
2012-04-05 02:17:52[JGOSSIP-APP]DEBUG: /Subscribe permission mapping is loaded
2012-04-05 02:17:52[JGOSSIP-APP]DEBUG: /ShowForumList permission mapping is loaded
2012-04-05 02:17:52[JGOSSIP-APP]DEBUG: /DeleteThread permission mapping is loaded
2012-04-05 02:17:52[JGOSSIP-APP]DEBUG: /LockThread permission mapping is loaded
2012-04-05 02:17:52[JGOSSIP-APP]DEBUG: /ProcessMessage permission mapping is loaded
2012-04-05 02:17:52[JGOSSIP-APP]DEBUG: /AddMessage permission mapping is loaded
2012-04-05 02:17:52[JGOSSIP-APP]DEBUG: /PreviewMessage permission mapping is loaded
2012-04-05 02:17:52[JGOSSIP-APP]DEBUG: /UpdateMessage permission mapping is loaded
2012-04-05 02:17:52[JGOSSIP-APP]DEBUG: /Reply permission mapping is loaded
2012-04-05 02:17:52[JGOSSIP-APP]DEBUG: /Quote permission mapping is loaded
2012-04-05 02:17:52[JGOSSIP-APP]DEBUG: /DeleteMessage permission mapping is loaded
2012-04-05 02:17:52[JGOSSIP-APP]DEBUG: /EditMessage permission mapping is loaded
2012-04-05 02:17:52[JGOSSIP-APP]DEBUG: /AttachFile permission mapping is loaded
2012-04-05 02:17:52[JGOSSIP-APP]DEBUG: /DeleteAttachment permission mapping is loaded
2012-04-05 02:17:52[JGOSSIP-APP]DEBUG: /EditAttachment permission mapping is loaded
2012-04-05 02:17:52[JGOSSIP-APP]DEBUG: /UpdateAttachInfo permission mapping is loaded
2012-04-05 02:17:52[JGOSSIP-APP]DEBUG: /DownloadAttachment permission mapping is loaded
2012-04-05 02:17:52[JGOSSIP-APP]DEBUG: /ShowAttachThumbnail permission mapping is loaded
2012-04-05 02:17:52[JGOSSIP-APP]DEBUG: /WhoIs permission mapping is loaded
2012-04-05 02:17:52[JGOSSIP-APP]DEBUG: /DropOldMess permission mapping is loaded
2012-04-05 02:17:52[JGOSSIP-APP]DEBUG: /EditConstants permission mapping is loaded
2012-04-05 02:17:52[JGOSSIP-APP]DEBUG: /SetMailPassword permission mapping is loaded
2012-04-05 02:17:52[JGOSSIP-APP]DEBUG: /UpdateStyles permission mapping is loaded
2012-04-05 02:17:52[JGOSSIP-APP]DEBUG: /SendAdminMail permission mapping is loaded
2012-04-05 02:17:52[JGOSSIP-APP]DEBUG: /Ranks permission mapping is loaded
2012-04-05 02:17:52[JGOSSIP-APP]DEBUG: /EditRank permission mapping is loaded
2012-04-05 02:17:52[JGOSSIP-APP]DEBUG: /DeleteRank permission mapping is loaded
2012-04-05 02:17:52[JGOSSIP-APP]DEBUG: /AddRank permission mapping is loaded
2012-04-05 02:17:52[JGOSSIP-APP]DEBUG: /UpdateRank permission mapping is loaded
2012-04-05 02:17:52[JGOSSIP-APP]DEBUG: /BrowseLog permission mapping is loaded
2012-04-05 02:17:52[JGOSSIP-APP]DEBUG: /SearchLog permission mapping is loaded
2012-04-05 02:17:52[JGOSSIP-APP]DEBUG: /PurgeLog permission mapping is loaded
2012-04-05 02:17:52[JGOSSIP-APP]DEBUG: /showSetAvatar permission mapping is loaded
2012-04-05 02:17:52[JGOSSIP-APP]DEBUG: /showChangePassword permission mapping is loaded
2012-04-05 02:17:52[JGOSSIP-APP]DEBUG: /showAddGroup permission mapping is loaded
2012-04-05 02:17:52[JGOSSIP-APP]DEBUG: /showEditGroup permission mapping is loaded
2012-04-05 02:17:52[JGOSSIP-APP]DEBUG: /showAddForum permission mapping is loaded
2012-04-05 02:17:52[JGOSSIP-APP]DEBUG: /showEditForum permission mapping is loaded
2012-04-05 02:17:52[JGOSSIP-APP]DEBUG: /showUnsubscribe permission mapping is loaded
2012-04-05 02:17:52[JGOSSIP-APP]DEBUG: /showMoveThread permission mapping is loaded
2012-04-05 02:17:52[JGOSSIP-APP]DEBUG: /showAddMessage permission mapping is loaded
2012-04-05 02:17:52[JGOSSIP-APP]DEBUG: /showEditMessage permission mapping is loaded
2012-04-05 02:17:52[JGOSSIP-APP]DEBUG: /showAttachedImage permission mapping is loaded
2012-04-05 02:17:52[JGOSSIP-APP]DEBUG: /showEditConstants permission mapping is loaded
2012-04-05 02:17:52[JGOSSIP-APP]DEBUG: /showEditStyles permission mapping is loaded
2012-04-05 02:17:52[JGOSSIP-APP]DEBUG: /showDropOldMess permission mapping is loaded
2012-04-05 02:17:52[JGOSSIP-APP]DEBUG: /showSetMailPassword permission mapping is loaded
2012-04-05 02:17:52[JGOSSIP-APP]DEBUG: /showSendAdminMail permission mapping is loaded
2012-04-05 02:23:23[JGOSSIP-APP]INFO: init is started
2012-04-05 02:23:23[JGOSSIP-APP]DEBUG: avaible translations :[en, it, ru]
2012-04-05 02:23:23[JGOSSIP-APP]INFO: jGossip's MailQueue is created
2012-04-05 02:23:56[JGOSSIP-APP]DEBUG: try to load app.properties
2012-04-05 02:23:56[JGOSSIP-APP]DEBUG: try to load configuration from Data Base
2012-04-05 02:23:59[JGOSSIP-APP]DEBUG: adminmail is loaded
2012-04-05 02:23:59[JGOSSIP-APP]DEBUG: attachStorePath is loaded
2012-04-05 02:23:59[JGOSSIP-APP]DEBUG: defaultLocale is loaded
2012-04-05 02:23:59[JGOSSIP-APP]DEBUG: domainname is loaded
2012-04-05 02:23:59[JGOSSIP-APP]DEBUG: domainurl is loaded
2012-04-05 02:23:59[JGOSSIP-APP]DEBUG: enableAutoLogin is loaded
2012-04-05 02:23:59[JGOSSIP-APP]DEBUG: enableAvatar is loaded
2012-04-05 02:23:59[JGOSSIP-APP]DEBUG: enableEmailConfiramtion is loaded
2012-04-05 02:23:59[JGOSSIP-APP]DEBUG: enableExtSignOn is loaded
2012-04-05 02:23:59[JGOSSIP-APP]DEBUG: enableFileUpload is loaded
2012-04-05 02:23:59[JGOSSIP-APP]DEBUG: enableForumRegistration is loaded
2012-04-05 02:23:59[JGOSSIP-APP]DEBUG: enableForumSignOn is loaded
2012-04-05 02:23:59[JGOSSIP-APP]DEBUG: extLogOnActionUrl is loaded
2012-04-05 02:23:59[JGOSSIP-APP]DEBUG: extLogOutActionUrl is loaded
2012-04-05 02:23:59[JGOSSIP-APP]DEBUG: extRegistrationActionUrl is loaded
2012-04-05 02:23:59[JGOSSIP-APP]DEBUG: gzipCompress is loaded
2012-04-05 02:23:59[JGOSSIP-APP]DEBUG: invader is loaded
2012-04-05 02:23:59[JGOSSIP-APP]DEBUG: mailhost is loaded
2012-04-05 02:23:59[JGOSSIP-APP]DEBUG: mailpassword is loaded
2012-04-05 02:23:59[JGOSSIP-APP]DEBUG: mailuser is loaded
2012-04-05 02:23:59[JGOSSIP-APP]DEBUG: maxAttachCount is loaded
2012-04-05 02:23:59[JGOSSIP-APP]DEBUG: motto is loaded
2012-04-05 02:23:59[JGOSSIP-APP]DEBUG: periodForConfirmation is loaded
2012-04-05 02:23:59[JGOSSIP-APP]DEBUG: rssMaxItemCount is loaded
2012-04-05 02:23:59[JGOSSIP-APP]DEBUG: rssPeriod is loaded
2012-04-05 02:23:59[JGOSSIP-APP]DEBUG: rssTtl is loaded
2012-04-05 02:23:59[JGOSSIP-APP]DEBUG: sessionlength is loaded
2012-04-05 02:23:59[JGOSSIP-APP]DEBUG: sitename is loaded
2012-04-05 02:23:59[JGOSSIP-APP]DEBUG: smtpServerPort is loaded
2012-04-05 02:24:00[JGOSSIP-APP]DEBUG: /AddUser permission mapping is loaded
2012-04-05 02:24:00[JGOSSIP-APP]DEBUG: /EditProfile permission mapping is loaded
2012-04-05 02:24:00[JGOSSIP-APP]DEBUG: /SaveProfile permission mapping is loaded
2012-04-05 02:24:00[JGOSSIP-APP]DEBUG: /ChangePassword permission mapping is loaded
2012-04-05 02:24:00[JGOSSIP-APP]DEBUG: /SaveAvatar permission mapping is loaded
2012-04-05 02:24:00[JGOSSIP-APP]DEBUG: /SaveRemoteAvatar permission mapping is loaded
2012-04-05 02:24:00[JGOSSIP-APP]DEBUG: /ShowUserList permission mapping is loaded
2012-04-05 02:24:00[JGOSSIP-APP]DEBUG: /DeleteUser permission mapping is loaded
2012-04-05 02:24:00[JGOSSIP-APP]DEBUG: /PromoteUser permission mapping is loaded
2012-04-05 02:24:00[JGOSSIP-APP]DEBUG: /AddBan permission mapping is loaded
2012-04-05 02:24:00[JGOSSIP-APP]DEBUG: /DeleteBan permission mapping is loaded
2012-04-05 02:24:00[JGOSSIP-APP]DEBUG: /BanList permission mapping is loaded
2012-04-05 02:24:00[JGOSSIP-APP]DEBUG: /ShowUser permission mapping is loaded
2012-04-05 02:24:00[JGOSSIP-APP]DEBUG: /DropMod permission mapping is loaded
2012-04-05 02:24:00[JGOSSIP-APP]DEBUG: /AddMod permission mapping is loaded
2012-04-05 02:24:00[JGOSSIP-APP]DEBUG: /ShowGroupList permission mapping is loaded
2012-04-05 02:24:00[JGOSSIP-APP]DEBUG: /AddGroup permission mapping is loaded
2012-04-05 02:24:00[JGOSSIP-APP]DEBUG: /EditGroup permission mapping is loaded
2012-04-05 02:24:00[JGOSSIP-APP]DEBUG: /UpdateGroup permission mapping is loaded
2012-04-05 02:24:00[JGOSSIP-APP]DEBUG: /DeleteGroup permission mapping is loaded
2012-04-05 02:24:00[JGOSSIP-APP]DEBUG: /Main permission mapping is loaded
2012-04-05 02:24:00[JGOSSIP-APP]DEBUG: /Search permission mapping is loaded
2012-04-05 02:24:00[JGOSSIP-APP]DEBUG: /MarkRead permission mapping is loaded
2012-04-05 02:24:00[JGOSSIP-APP]DEBUG: /ShowForum permission mapping is loaded
2012-04-05 02:24:00[JGOSSIP-APP]DEBUG: /ShowNewTopics permission mapping is loaded
2012-04-05 02:24:00[JGOSSIP-APP]DEBUG: /LockForum permission mapping is loaded
2012-04-05 02:24:00[JGOSSIP-APP]DEBUG: /DeleteForum permission mapping is loaded
2012-04-05 02:24:00[JGOSSIP-APP]DEBUG: /EditForum permission mapping is loaded
2012-04-05 02:24:00[JGOSSIP-APP]DEBUG: /UpdateForum permission mapping is loaded
2012-04-05 02:24:00[JGOSSIP-APP]DEBUG: /AddForum permission mapping is loaded
2012-04-05 02:24:00[JGOSSIP-APP]DEBUG: /ShowThread permission mapping is loaded
2012-04-05 02:24:00[JGOSSIP-APP]DEBUG: /ShowMessage permission mapping is loaded
2012-04-05 02:24:00[JGOSSIP-APP]DEBUG: /UnAnnounce permission mapping is loaded
2012-04-05 02:24:00[JGOSSIP-APP]DEBUG: /MoveThread permission mapping is loaded
2012-04-05 02:24:00[JGOSSIP-APP]DEBUG: /ShowSubscriptions permission mapping is loaded
2012-04-05 02:24:00[JGOSSIP-APP]DEBUG: /Unsubscribe permission mapping is loaded
2012-04-05 02:24:00[JGOSSIP-APP]DEBUG: /Subscribe permission mapping is loaded
2012-04-05 02:24:00[JGOSSIP-APP]DEBUG: /ShowForumList permission mapping is loaded
2012-04-05 02:24:00[JGOSSIP-APP]DEBUG: /DeleteThread permission mapping is loaded
2012-04-05 02:24:00[JGOSSIP-APP]DEBUG: /LockThread permission mapping is loaded
2012-04-05 02:24:00[JGOSSIP-APP]DEBUG: /ProcessMessage permission mapping is loaded
2012-04-05 02:24:00[JGOSSIP-APP]DEBUG: /AddMessage permission mapping is loaded
2012-04-05 02:24:00[JGOSSIP-APP]DEBUG: /PreviewMessage permission mapping is loaded
2012-04-05 02:24:00[JGOSSIP-APP]DEBUG: /UpdateMessage permission mapping is loaded
2012-04-05 02:24:00[JGOSSIP-APP]DEBUG: /Reply permission mapping is loaded
2012-04-05 02:24:00[JGOSSIP-APP]DEBUG: /Quote permission mapping is loaded
2012-04-05 02:24:00[JGOSSIP-APP]DEBUG: /DeleteMessage permission mapping is loaded
2012-04-05 02:24:00[JGOSSIP-APP]DEBUG: /EditMessage permission mapping is loaded
2012-04-05 02:24:00[JGOSSIP-APP]DEBUG: /AttachFile permission mapping is loaded
2012-04-05 02:24:00[JGOSSIP-APP]DEBUG: /DeleteAttachment permission mapping is loaded
2012-04-05 02:24:00[JGOSSIP-APP]DEBUG: /EditAttachment permission mapping is loaded
2012-04-05 02:24:00[JGOSSIP-APP]DEBUG: /UpdateAttachInfo permission mapping is loaded
2012-04-05 02:24:00[JGOSSIP-APP]DEBUG: /DownloadAttachment permission mapping is loaded
2012-04-05 02:24:00[JGOSSIP-APP]DEBUG: /ShowAttachThumbnail permission mapping is loaded
2012-04-05 02:24:00[JGOSSIP-APP]DEBUG: /WhoIs permission mapping is loaded
2012-04-05 02:24:00[JGOSSIP-APP]DEBUG: /DropOldMess permission mapping is loaded
2012-04-05 02:24:00[JGOSSIP-APP]DEBUG: /EditConstants permission mapping is loaded
2012-04-05 02:24:00[JGOSSIP-APP]DEBUG: /SetMailPassword permission mapping is loaded
2012-04-05 02:24:00[JGOSSIP-APP]DEBUG: /UpdateStyles permission mapping is loaded
2012-04-05 02:24:00[JGOSSIP-APP]DEBUG: /SendAdminMail permission mapping is loaded
2012-04-05 02:24:00[JGOSSIP-APP]DEBUG: /Ranks permission mapping is loaded
2012-04-05 02:24:00[JGOSSIP-APP]DEBUG: /EditRank permission mapping is loaded
2012-04-05 02:24:00[JGOSSIP-APP]DEBUG: /DeleteRank permission mapping is loaded
2012-04-05 02:24:00[JGOSSIP-APP]DEBUG: /AddRank permission mapping is loaded
2012-04-05 02:24:00[JGOSSIP-APP]DEBUG: /UpdateRank permission mapping is loaded
2012-04-05 02:24:00[JGOSSIP-APP]DEBUG: /BrowseLog permission mapping is loaded
2012-04-05 02:24:00[JGOSSIP-APP]DEBUG: /SearchLog permission mapping is loaded
2012-04-05 02:24:00[JGOSSIP-APP]DEBUG: /PurgeLog permission mapping is loaded
2012-04-05 02:24:00[JGOSSIP-APP]DEBUG: /showSetAvatar permission mapping is loaded
2012-04-05 02:24:00[JGOSSIP-APP]DEBUG: /showChangePassword permission mapping is loaded
2012-04-05 02:24:00[JGOSSIP-APP]DEBUG: /showAddGroup permission mapping is loaded
2012-04-05 02:24:00[JGOSSIP-APP]DEBUG: /showEditGroup permission mapping is loaded
2012-04-05 02:24:00[JGOSSIP-APP]DEBUG: /showAddForum permission mapping is loaded
2012-04-05 02:24:00[JGOSSIP-APP]DEBUG: /showEditForum permission mapping is loaded
2012-04-05 02:24:00[JGOSSIP-APP]DEBUG: /showUnsubscribe permission mapping is loaded
2012-04-05 02:24:00[JGOSSIP-APP]DEBUG: /showMoveThread permission mapping is loaded
2012-04-05 02:24:00[JGOSSIP-APP]DEBUG: /showAddMessage permission mapping is loaded
2012-04-05 02:24:00[JGOSSIP-APP]DEBUG: /showEditMessage permission mapping is loaded
2012-04-05 02:24:00[JGOSSIP-APP]DEBUG: /showAttachedImage permission mapping is loaded
2012-04-05 02:24:00[JGOSSIP-APP]DEBUG: /showEditConstants permission mapping is loaded
2012-04-05 02:24:00[JGOSSIP-APP]DEBUG: /showEditStyles permission mapping is loaded
2012-04-05 02:24:00[JGOSSIP-APP]DEBUG: /showDropOldMess permission mapping is loaded
2012-04-05 02:24:00[JGOSSIP-APP]DEBUG: /showSetMailPassword permission mapping is loaded
2012-04-05 02:24:00[JGOSSIP-APP]DEBUG: /showSendAdminMail permission mapping is loaded
2012-04-05 02:31:27[JGOSSIP-APP]INFO: init is started
2012-04-05 02:31:27[JGOSSIP-APP]DEBUG: avaible translations :[en, it, ru]
2012-04-05 02:31:28[JGOSSIP-APP]INFO: jGossip's MailQueue is created
2012-04-05 02:32:02[JGOSSIP-APP]DEBUG: try to load app.properties
2012-04-05 02:32:02[JGOSSIP-APP]DEBUG: try to load configuration from Data Base
2012-04-05 02:32:05[JGOSSIP-APP]DEBUG: adminmail is loaded
2012-04-05 02:32:05[JGOSSIP-APP]DEBUG: attachStorePath is loaded
2012-04-05 02:32:05[JGOSSIP-APP]DEBUG: defaultLocale is loaded
2012-04-05 02:32:05[JGOSSIP-APP]DEBUG: domainname is loaded
2012-04-05 02:32:05[JGOSSIP-APP]DEBUG: domainurl is loaded
2012-04-05 02:32:05[JGOSSIP-APP]DEBUG: enableAutoLogin is loaded
2012-04-05 02:32:05[JGOSSIP-APP]DEBUG: enableAvatar is loaded
2012-04-05 02:32:05[JGOSSIP-APP]DEBUG: enableEmailConfiramtion is loaded
2012-04-05 02:32:05[JGOSSIP-APP]DEBUG: enableExtSignOn is loaded
2012-04-05 02:32:05[JGOSSIP-APP]DEBUG: enableFileUpload is loaded
2012-04-05 02:32:05[JGOSSIP-APP]DEBUG: enableForumRegistration is loaded
2012-04-05 02:32:05[JGOSSIP-APP]DEBUG: enableForumSignOn is loaded
2012-04-05 02:32:05[JGOSSIP-APP]DEBUG: extLogOnActionUrl is loaded
2012-04-05 02:32:05[JGOSSIP-APP]DEBUG: extLogOutActionUrl is loaded
2012-04-05 02:32:05[JGOSSIP-APP]DEBUG: extRegistrationActionUrl is loaded
2012-04-05 02:32:05[JGOSSIP-APP]DEBUG: gzipCompress is loaded
2012-04-05 02:32:05[JGOSSIP-APP]DEBUG: invader is loaded
2012-04-05 02:32:05[JGOSSIP-APP]DEBUG: mailhost is loaded
2012-04-05 02:32:05[JGOSSIP-APP]DEBUG: mailpassword is loaded
2012-04-05 02:32:05[JGOSSIP-APP]DEBUG: mailuser is loaded
2012-04-05 02:32:05[JGOSSIP-APP]DEBUG: maxAttachCount is loaded
2012-04-05 02:32:05[JGOSSIP-APP]DEBUG: motto is loaded
2012-04-05 02:32:05[JGOSSIP-APP]DEBUG: periodForConfirmation is loaded
2012-04-05 02:32:05[JGOSSIP-APP]DEBUG: rssMaxItemCount is loaded
2012-04-05 02:32:05[JGOSSIP-APP]DEBUG: rssPeriod is loaded
2012-04-05 02:32:05[JGOSSIP-APP]DEBUG: rssTtl is loaded
2012-04-05 02:32:05[JGOSSIP-APP]DEBUG: sessionlength is loaded
2012-04-05 02:32:05[JGOSSIP-APP]DEBUG: sitename is loaded
2012-04-05 02:32:05[JGOSSIP-APP]DEBUG: smtpServerPort is loaded
2012-04-05 02:32:06[JGOSSIP-APP]DEBUG: /AddUser permission mapping is loaded
2012-04-05 02:32:06[JGOSSIP-APP]DEBUG: /EditProfile permission mapping is loaded
2012-04-05 02:32:06[JGOSSIP-APP]DEBUG: /SaveProfile permission mapping is loaded
2012-04-05 02:32:06[JGOSSIP-APP]DEBUG: /ChangePassword permission mapping is loaded
2012-04-05 02:32:06[JGOSSIP-APP]DEBUG: /SaveAvatar permission mapping is loaded
2012-04-05 02:32:06[JGOSSIP-APP]DEBUG: /SaveRemoteAvatar permission mapping is loaded
2012-04-05 02:32:06[JGOSSIP-APP]DEBUG: /ShowUserList permission mapping is loaded
2012-04-05 02:32:06[JGOSSIP-APP]DEBUG: /DeleteUser permission mapping is loaded
2012-04-05 02:32:06[JGOSSIP-APP]DEBUG: /PromoteUser permission mapping is loaded
2012-04-05 02:32:06[JGOSSIP-APP]DEBUG: /AddBan permission mapping is loaded
2012-04-05 02:32:06[JGOSSIP-APP]DEBUG: /DeleteBan permission mapping is loaded
2012-04-05 02:32:06[JGOSSIP-APP]DEBUG: /BanList permission mapping is loaded
2012-04-05 02:32:06[JGOSSIP-APP]DEBUG: /ShowUser permission mapping is loaded
2012-04-05 02:32:06[JGOSSIP-APP]DEBUG: /DropMod permission mapping is loaded
2012-04-05 02:32:06[JGOSSIP-APP]DEBUG: /AddMod permission mapping is loaded
2012-04-05 02:32:06[JGOSSIP-APP]DEBUG: /ShowGroupList permission mapping is loaded
2012-04-05 02:32:06[JGOSSIP-APP]DEBUG: /AddGroup permission mapping is loaded
2012-04-05 02:32:06[JGOSSIP-APP]DEBUG: /EditGroup permission mapping is loaded
2012-04-05 02:32:06[JGOSSIP-APP]DEBUG: /UpdateGroup permission mapping is loaded
2012-04-05 02:32:06[JGOSSIP-APP]DEBUG: /DeleteGroup permission mapping is loaded
2012-04-05 02:32:06[JGOSSIP-APP]DEBUG: /Main permission mapping is loaded
2012-04-05 02:32:06[JGOSSIP-APP]DEBUG: /Search permission mapping is loaded
2012-04-05 02:32:06[JGOSSIP-APP]DEBUG: /MarkRead permission mapping is loaded
2012-04-05 02:32:06[JGOSSIP-APP]DEBUG: /ShowForum permission mapping is loaded
2012-04-05 02:32:06[JGOSSIP-APP]DEBUG: /ShowNewTopics permission mapping is loaded
2012-04-05 02:32:06[JGOSSIP-APP]DEBUG: /LockForum permission mapping is loaded
2012-04-05 02:32:06[JGOSSIP-APP]DEBUG: /DeleteForum permission mapping is loaded
2012-04-05 02:32:06[JGOSSIP-APP]DEBUG: /EditForum permission mapping is loaded
2012-04-05 02:32:06[JGOSSIP-APP]DEBUG: /UpdateForum permission mapping is loaded
2012-04-05 02:32:06[JGOSSIP-APP]DEBUG: /AddForum permission mapping is loaded
2012-04-05 02:32:06[JGOSSIP-APP]DEBUG: /ShowThread permission mapping is loaded
2012-04-05 02:32:06[JGOSSIP-APP]DEBUG: /ShowMessage permission mapping is loaded
2012-04-05 02:32:06[JGOSSIP-APP]DEBUG: /UnAnnounce permission mapping is loaded
2012-04-05 02:32:06[JGOSSIP-APP]DEBUG: /MoveThread permission mapping is loaded
2012-04-05 02:32:06[JGOSSIP-APP]DEBUG: /ShowSubscriptions permission mapping is loaded
2012-04-05 02:32:06[JGOSSIP-APP]DEBUG: /Unsubscribe permission mapping is loaded
2012-04-05 02:32:06[JGOSSIP-APP]DEBUG: /Subscribe permission mapping is loaded
2012-04-05 02:32:06[JGOSSIP-APP]DEBUG: /ShowForumList permission mapping is loaded
2012-04-05 02:32:06[JGOSSIP-APP]DEBUG: /DeleteThread permission mapping is loaded
2012-04-05 02:32:06[JGOSSIP-APP]DEBUG: /LockThread permission mapping is loaded
2012-04-05 02:32:06[JGOSSIP-APP]DEBUG: /ProcessMessage permission mapping is loaded
2012-04-05 02:32:06[JGOSSIP-APP]DEBUG: /AddMessage permission mapping is loaded
2012-04-05 02:32:06[JGOSSIP-APP]DEBUG: /PreviewMessage permission mapping is loaded
2012-04-05 02:32:06[JGOSSIP-APP]DEBUG: /UpdateMessage permission mapping is loaded
2012-04-05 02:32:06[JGOSSIP-APP]DEBUG: /Reply permission mapping is loaded
2012-04-05 02:32:06[JGOSSIP-APP]DEBUG: /Quote permission mapping is loaded
2012-04-05 02:32:06[JGOSSIP-APP]DEBUG: /DeleteMessage permission mapping is loaded
2012-04-05 02:32:06[JGOSSIP-APP]DEBUG: /EditMessage permission mapping is loaded
2012-04-05 02:32:06[JGOSSIP-APP]DEBUG: /AttachFile permission mapping is loaded
2012-04-05 02:32:06[JGOSSIP-APP]DEBUG: /DeleteAttachment permission mapping is loaded
2012-04-05 02:32:06[JGOSSIP-APP]DEBUG: /EditAttachment permission mapping is loaded
2012-04-05 02:32:06[JGOSSIP-APP]DEBUG: /UpdateAttachInfo permission mapping is loaded
2012-04-05 02:32:06[JGOSSIP-APP]DEBUG: /DownloadAttachment permission mapping is loaded
2012-04-05 02:32:06[JGOSSIP-APP]DEBUG: /ShowAttachThumbnail permission mapping is loaded
2012-04-05 02:32:06[JGOSSIP-APP]DEBUG: /WhoIs permission mapping is loaded
2012-04-05 02:32:06[JGOSSIP-APP]DEBUG: /DropOldMess permission mapping is loaded
2012-04-05 02:32:06[JGOSSIP-APP]DEBUG: /EditConstants permission mapping is loaded
2012-04-05 02:32:06[JGOSSIP-APP]DEBUG: /SetMailPassword permission mapping is loaded
2012-04-05 02:32:06[JGOSSIP-APP]DEBUG: /UpdateStyles permission mapping is loaded
2012-04-05 02:32:06[JGOSSIP-APP]DEBUG: /SendAdminMail permission mapping is loaded
2012-04-05 02:32:06[JGOSSIP-APP]DEBUG: /Ranks permission mapping is loaded
2012-04-05 02:32:06[JGOSSIP-APP]DEBUG: /EditRank permission mapping is loaded
2012-04-05 02:32:06[JGOSSIP-APP]DEBUG: /DeleteRank permission mapping is loaded
2012-04-05 02:32:06[JGOSSIP-APP]DEBUG: /AddRank permission mapping is loaded
2012-04-05 02:32:06[JGOSSIP-APP]DEBUG: /UpdateRank permission mapping is loaded
2012-04-05 02:32:06[JGOSSIP-APP]DEBUG: /BrowseLog permission mapping is loaded
2012-04-05 02:32:06[JGOSSIP-APP]DEBUG: /SearchLog permission mapping is loaded
2012-04-05 02:32:06[JGOSSIP-APP]DEBUG: /PurgeLog permission mapping is loaded
2012-04-05 02:32:06[JGOSSIP-APP]DEBUG: /showSetAvatar permission mapping is loaded
2012-04-05 02:32:06[JGOSSIP-APP]DEBUG: /showChangePassword permission mapping is loaded
2012-04-05 02:32:06[JGOSSIP-APP]DEBUG: /showAddGroup permission mapping is loaded
2012-04-05 02:32:06[JGOSSIP-APP]DEBUG: /showEditGroup permission mapping is loaded
2012-04-05 02:32:06[JGOSSIP-APP]DEBUG: /showAddForum permission mapping is loaded
2012-04-05 02:32:06[JGOSSIP-APP]DEBUG: /showEditForum permission mapping is loaded
2012-04-05 02:32:06[JGOSSIP-APP]DEBUG: /showUnsubscribe permission mapping is loaded
2012-04-05 02:32:06[JGOSSIP-APP]DEBUG: /showMoveThread permission mapping is loaded
2012-04-05 02:32:06[JGOSSIP-APP]DEBUG: /showAddMessage permission mapping is loaded
2012-04-05 02:32:06[JGOSSIP-APP]DEBUG: /showEditMessage permission mapping is loaded
2012-04-05 02:32:06[JGOSSIP-APP]DEBUG: /showAttachedImage permission mapping is loaded
2012-04-05 02:32:06[JGOSSIP-APP]DEBUG: /showEditConstants permission mapping is loaded
2012-04-05 02:32:06[JGOSSIP-APP]DEBUG: /showEditStyles permission mapping is loaded
2012-04-05 02:32:06[JGOSSIP-APP]DEBUG: /showDropOldMess permission mapping is loaded
2012-04-05 02:32:06[JGOSSIP-APP]DEBUG: /showSetMailPassword permission mapping is loaded
2012-04-05 02:32:06[JGOSSIP-APP]DEBUG: /showSendAdminMail permission mapping is loaded
2012-04-05 02:46:03[JGOSSIP-APP]INFO: init is started
2012-04-05 02:46:03[JGOSSIP-APP]DEBUG: avaible translations :[en, it, ru]
2012-04-05 02:46:04[JGOSSIP-APP]INFO: jGossip's MailQueue is created
2012-04-05 02:46:42[JGOSSIP-APP]DEBUG: try to load app.properties
2012-04-05 02:46:42[JGOSSIP-APP]DEBUG: try to load configuration from Data Base
2012-04-05 02:46:45[JGOSSIP-APP]DEBUG: adminmail is loaded
2012-04-05 02:46:45[JGOSSIP-APP]DEBUG: attachStorePath is loaded
2012-04-05 02:46:45[JGOSSIP-APP]DEBUG: defaultLocale is loaded
2012-04-05 02:46:45[JGOSSIP-APP]DEBUG: domainname is loaded
2012-04-05 02:46:45[JGOSSIP-APP]DEBUG: domainurl is loaded
2012-04-05 02:46:45[JGOSSIP-APP]DEBUG: enableAutoLogin is loaded
2012-04-05 02:46:45[JGOSSIP-APP]DEBUG: enableAvatar is loaded
2012-04-05 02:46:45[JGOSSIP-APP]DEBUG: enableEmailConfiramtion is loaded
2012-04-05 02:46:45[JGOSSIP-APP]DEBUG: enableExtSignOn is loaded
2012-04-05 02:46:45[JGOSSIP-APP]DEBUG: enableFileUpload is loaded
2012-04-05 02:46:45[JGOSSIP-APP]DEBUG: enableForumRegistration is loaded
2012-04-05 02:46:45[JGOSSIP-APP]DEBUG: enableForumSignOn is loaded
2012-04-05 02:46:45[JGOSSIP-APP]DEBUG: extLogOnActionUrl is loaded
2012-04-05 02:46:45[JGOSSIP-APP]DEBUG: extLogOutActionUrl is loaded
2012-04-05 02:46:45[JGOSSIP-APP]DEBUG: extRegistrationActionUrl is loaded
2012-04-05 02:46:45[JGOSSIP-APP]DEBUG: gzipCompress is loaded
2012-04-05 02:46:45[JGOSSIP-APP]DEBUG: invader is loaded
2012-04-05 02:46:45[JGOSSIP-APP]DEBUG: mailhost is loaded
2012-04-05 02:46:45[JGOSSIP-APP]DEBUG: mailpassword is loaded
2012-04-05 02:46:45[JGOSSIP-APP]DEBUG: mailuser is loaded
2012-04-05 02:46:45[JGOSSIP-APP]DEBUG: maxAttachCount is loaded
2012-04-05 02:46:45[JGOSSIP-APP]DEBUG: motto is loaded
2012-04-05 02:46:45[JGOSSIP-APP]DEBUG: periodForConfirmation is loaded
2012-04-05 02:46:45[JGOSSIP-APP]DEBUG: rssMaxItemCount is loaded
2012-04-05 02:46:45[JGOSSIP-APP]DEBUG: rssPeriod is loaded
2012-04-05 02:46:45[JGOSSIP-APP]DEBUG: rssTtl is loaded
2012-04-05 02:46:45[JGOSSIP-APP]DEBUG: sessionlength is loaded
2012-04-05 02:46:45[JGOSSIP-APP]DEBUG: sitename is loaded
2012-04-05 02:46:45[JGOSSIP-APP]DEBUG: smtpServerPort is loaded
2012-04-05 02:46:46[JGOSSIP-APP]DEBUG: /AddUser permission mapping is loaded
2012-04-05 02:46:46[JGOSSIP-APP]DEBUG: /EditProfile permission mapping is loaded
2012-04-05 02:46:46[JGOSSIP-APP]DEBUG: /SaveProfile permission mapping is loaded
2012-04-05 02:46:46[JGOSSIP-APP]DEBUG: /ChangePassword permission mapping is loaded
2012-04-05 02:46:46[JGOSSIP-APP]DEBUG: /SaveAvatar permission mapping is loaded
2012-04-05 02:46:46[JGOSSIP-APP]DEBUG: /SaveRemoteAvatar permission mapping is loaded
2012-04-05 02:46:46[JGOSSIP-APP]DEBUG: /ShowUserList permission mapping is loaded
2012-04-05 02:46:46[JGOSSIP-APP]DEBUG: /DeleteUser permission mapping is loaded
2012-04-05 02:46:46[JGOSSIP-APP]DEBUG: /PromoteUser permission mapping is loaded
2012-04-05 02:46:46[JGOSSIP-APP]DEBUG: /AddBan permission mapping is loaded
2012-04-05 02:46:46[JGOSSIP-APP]DEBUG: /DeleteBan permission mapping is loaded
2012-04-05 02:46:46[JGOSSIP-APP]DEBUG: /BanList permission mapping is loaded
2012-04-05 02:46:46[JGOSSIP-APP]DEBUG: /ShowUser permission mapping is loaded
2012-04-05 02:46:46[JGOSSIP-APP]DEBUG: /DropMod permission mapping is loaded
2012-04-05 02:46:46[JGOSSIP-APP]DEBUG: /AddMod permission mapping is loaded
2012-04-05 02:46:46[JGOSSIP-APP]DEBUG: /ShowGroupList permission mapping is loaded
2012-04-05 02:46:46[JGOSSIP-APP]DEBUG: /AddGroup permission mapping is loaded
2012-04-05 02:46:46[JGOSSIP-APP]DEBUG: /EditGroup permission mapping is loaded
2012-04-05 02:46:46[JGOSSIP-APP]DEBUG: /UpdateGroup permission mapping is loaded
2012-04-05 02:46:46[JGOSSIP-APP]DEBUG: /DeleteGroup permission mapping is loaded
2012-04-05 02:46:46[JGOSSIP-APP]DEBUG: /Main permission mapping is loaded
2012-04-05 02:46:46[JGOSSIP-APP]DEBUG: /Search permission mapping is loaded
2012-04-05 02:46:46[JGOSSIP-APP]DEBUG: /MarkRead permission mapping is loaded
2012-04-05 02:46:46[JGOSSIP-APP]DEBUG: /ShowForum permission mapping is loaded
2012-04-05 02:46:46[JGOSSIP-APP]DEBUG: /ShowNewTopics permission mapping is loaded
2012-04-05 02:46:46[JGOSSIP-APP]DEBUG: /LockForum permission mapping is loaded
2012-04-05 02:46:46[JGOSSIP-APP]DEBUG: /DeleteForum permission mapping is loaded
2012-04-05 02:46:46[JGOSSIP-APP]DEBUG: /EditForum permission mapping is loaded
2012-04-05 02:46:46[JGOSSIP-APP]DEBUG: /UpdateForum permission mapping is loaded
2012-04-05 02:46:46[JGOSSIP-APP]DEBUG: /AddForum permission mapping is loaded
2012-04-05 02:46:46[JGOSSIP-APP]DEBUG: /ShowThread permission mapping is loaded
2012-04-05 02:46:46[JGOSSIP-APP]DEBUG: /ShowMessage permission mapping is loaded
2012-04-05 02:46:46[JGOSSIP-APP]DEBUG: /UnAnnounce permission mapping is loaded
2012-04-05 02:46:46[JGOSSIP-APP]DEBUG: /MoveThread permission mapping is loaded
2012-04-05 02:46:46[JGOSSIP-APP]DEBUG: /ShowSubscriptions permission mapping is loaded
2012-04-05 02:46:46[JGOSSIP-APP]DEBUG: /Unsubscribe permission mapping is loaded
2012-04-05 02:46:46[JGOSSIP-APP]DEBUG: /Subscribe permission mapping is loaded
2012-04-05 02:46:46[JGOSSIP-APP]DEBUG: /ShowForumList permission mapping is loaded
2012-04-05 02:46:46[JGOSSIP-APP]DEBUG: /DeleteThread permission mapping is loaded
2012-04-05 02:46:46[JGOSSIP-APP]DEBUG: /LockThread permission mapping is loaded
2012-04-05 02:46:46[JGOSSIP-APP]DEBUG: /ProcessMessage permission mapping is loaded
2012-04-05 02:46:46[JGOSSIP-APP]DEBUG: /AddMessage permission mapping is loaded
2012-04-05 02:46:46[JGOSSIP-APP]DEBUG: /PreviewMessage permission mapping is loaded
2012-04-05 02:46:46[JGOSSIP-APP]DEBUG: /UpdateMessage permission mapping is loaded
2012-04-05 02:46:46[JGOSSIP-APP]DEBUG: /Reply permission mapping is loaded
2012-04-05 02:46:46[JGOSSIP-APP]DEBUG: /Quote permission mapping is loaded
2012-04-05 02:46:46[JGOSSIP-APP]DEBUG: /DeleteMessage permission mapping is loaded
2012-04-05 02:46:46[JGOSSIP-APP]DEBUG: /EditMessage permission mapping is loaded
2012-04-05 02:46:46[JGOSSIP-APP]DEBUG: /AttachFile permission mapping is loaded
2012-04-05 02:46:46[JGOSSIP-APP]DEBUG: /DeleteAttachment permission mapping is loaded
2012-04-05 02:46:46[JGOSSIP-APP]DEBUG: /EditAttachment permission mapping is loaded
2012-04-05 02:46:46[JGOSSIP-APP]DEBUG: /UpdateAttachInfo permission mapping is loaded
2012-04-05 02:46:46[JGOSSIP-APP]DEBUG: /DownloadAttachment permission mapping is loaded
2012-04-05 02:46:46[JGOSSIP-APP]DEBUG: /ShowAttachThumbnail permission mapping is loaded
2012-04-05 02:46:46[JGOSSIP-APP]DEBUG: /WhoIs permission mapping is loaded
2012-04-05 02:46:46[JGOSSIP-APP]DEBUG: /DropOldMess permission mapping is loaded
2012-04-05 02:46:46[JGOSSIP-APP]DEBUG: /EditConstants permission mapping is loaded
2012-04-05 02:46:46[JGOSSIP-APP]DEBUG: /SetMailPassword permission mapping is loaded
2012-04-05 02:46:46[JGOSSIP-APP]DEBUG: /UpdateStyles permission mapping is loaded
2012-04-05 02:46:46[JGOSSIP-APP]DEBUG: /SendAdminMail permission mapping is loaded
2012-04-05 02:46:46[JGOSSIP-APP]DEBUG: /Ranks permission mapping is loaded
2012-04-05 02:46:46[JGOSSIP-APP]DEBUG: /EditRank permission mapping is loaded
2012-04-05 02:46:46[JGOSSIP-APP]DEBUG: /DeleteRank permission mapping is loaded
2012-04-05 02:46:46[JGOSSIP-APP]DEBUG: /AddRank permission mapping is loaded
2012-04-05 02:46:46[JGOSSIP-APP]DEBUG: /UpdateRank permission mapping is loaded
2012-04-05 02:46:46[JGOSSIP-APP]DEBUG: /BrowseLog permission mapping is loaded
2012-04-05 02:46:46[JGOSSIP-APP]DEBUG: /SearchLog permission mapping is loaded
2012-04-05 02:46:46[JGOSSIP-APP]DEBUG: /PurgeLog permission mapping is loaded
2012-04-05 02:46:46[JGOSSIP-APP]DEBUG: /showSetAvatar permission mapping is loaded
2012-04-05 02:46:46[JGOSSIP-APP]DEBUG: /showChangePassword permission mapping is loaded
2012-04-05 02:46:46[JGOSSIP-APP]DEBUG: /showAddGroup permission mapping is loaded
2012-04-05 02:46:46[JGOSSIP-APP]DEBUG: /showEditGroup permission mapping is loaded
2012-04-05 02:46:46[JGOSSIP-APP]DEBUG: /showAddForum permission mapping is loaded
2012-04-05 02:46:46[JGOSSIP-APP]DEBUG: /showEditForum permission mapping is loaded
2012-04-05 02:46:46[JGOSSIP-APP]DEBUG: /showUnsubscribe permission mapping is loaded
2012-04-05 02:46:46[JGOSSIP-APP]DEBUG: /showMoveThread permission mapping is loaded
2012-04-05 02:46:46[JGOSSIP-APP]DEBUG: /showAddMessage permission mapping is loaded
2012-04-05 02:46:46[JGOSSIP-APP]DEBUG: /showEditMessage permission mapping is loaded
2012-04-05 02:46:46[JGOSSIP-APP]DEBUG: /showAttachedImage permission mapping is loaded
2012-04-05 02:46:46[JGOSSIP-APP]DEBUG: /showEditConstants permission mapping is loaded
2012-04-05 02:46:46[JGOSSIP-APP]DEBUG: /showEditStyles permission mapping is loaded
2012-04-05 02:46:46[JGOSSIP-APP]DEBUG: /showDropOldMess permission mapping is loaded
2012-04-05 02:46:46[JGOSSIP-APP]DEBUG: /showSetMailPassword permission mapping is loaded
2012-04-05 02:46:46[JGOSSIP-APP]DEBUG: /showSendAdminMail permission mapping is loaded
2012-04-05 03:00:51[JGOSSIP-APP]INFO: init is started
2012-04-05 03:00:51[JGOSSIP-APP]DEBUG: avaible translations :[en, it, ru]
2012-04-05 03:00:52[JGOSSIP-APP]INFO: jGossip's MailQueue is created
2012-04-05 03:01:24[JGOSSIP-APP]DEBUG: try to load app.properties
2012-04-05 03:01:24[JGOSSIP-APP]DEBUG: try to load configuration from Data Base
2012-04-05 03:01:27[JGOSSIP-APP]DEBUG: adminmail is loaded
2012-04-05 03:01:27[JGOSSIP-APP]DEBUG: attachStorePath is loaded
2012-04-05 03:01:27[JGOSSIP-APP]DEBUG: defaultLocale is loaded
2012-04-05 03:01:27[JGOSSIP-APP]DEBUG: domainname is loaded
2012-04-05 03:01:27[JGOSSIP-APP]DEBUG: domainurl is loaded
2012-04-05 03:01:27[JGOSSIP-APP]DEBUG: enableAutoLogin is loaded
2012-04-05 03:01:27[JGOSSIP-APP]DEBUG: enableAvatar is loaded
2012-04-05 03:01:27[JGOSSIP-APP]DEBUG: enableEmailConfiramtion is loaded
2012-04-05 03:01:27[JGOSSIP-APP]DEBUG: enableExtSignOn is loaded
2012-04-05 03:01:27[JGOSSIP-APP]DEBUG: enableFileUpload is loaded
2012-04-05 03:01:27[JGOSSIP-APP]DEBUG: enableForumRegistration is loaded
2012-04-05 03:01:27[JGOSSIP-APP]DEBUG: enableForumSignOn is loaded
2012-04-05 03:01:27[JGOSSIP-APP]DEBUG: extLogOnActionUrl is loaded
2012-04-05 03:01:27[JGOSSIP-APP]DEBUG: extLogOutActionUrl is loaded
2012-04-05 03:01:27[JGOSSIP-APP]DEBUG: extRegistrationActionUrl is loaded
2012-04-05 03:01:27[JGOSSIP-APP]DEBUG: gzipCompress is loaded
2012-04-05 03:01:27[JGOSSIP-APP]DEBUG: invader is loaded
2012-04-05 03:01:27[JGOSSIP-APP]DEBUG: mailhost is loaded
2012-04-05 03:01:27[JGOSSIP-APP]DEBUG: mailpassword is loaded
2012-04-05 03:01:27[JGOSSIP-APP]DEBUG: mailuser is loaded
2012-04-05 03:01:27[JGOSSIP-APP]DEBUG: maxAttachCount is loaded
2012-04-05 03:01:27[JGOSSIP-APP]DEBUG: motto is loaded
2012-04-05 03:01:27[JGOSSIP-APP]DEBUG: periodForConfirmation is loaded
2012-04-05 03:01:27[JGOSSIP-APP]DEBUG: rssMaxItemCount is loaded
2012-04-05 03:01:27[JGOSSIP-APP]DEBUG: rssPeriod is loaded
2012-04-05 03:01:28[JGOSSIP-APP]DEBUG: rssTtl is loaded
2012-04-05 03:01:28[JGOSSIP-APP]DEBUG: sessionlength is loaded
2012-04-05 03:01:28[JGOSSIP-APP]DEBUG: sitename is loaded
2012-04-05 03:01:28[JGOSSIP-APP]DEBUG: smtpServerPort is loaded
2012-04-05 03:01:28[JGOSSIP-APP]DEBUG: /AddUser permission mapping is loaded
2012-04-05 03:01:28[JGOSSIP-APP]DEBUG: /EditProfile permission mapping is loaded
2012-04-05 03:01:28[JGOSSIP-APP]DEBUG: /SaveProfile permission mapping is loaded
2012-04-05 03:01:28[JGOSSIP-APP]DEBUG: /ChangePassword permission mapping is loaded
2012-04-05 03:01:28[JGOSSIP-APP]DEBUG: /SaveAvatar permission mapping is loaded
2012-04-05 03:01:28[JGOSSIP-APP]DEBUG: /SaveRemoteAvatar permission mapping is loaded
2012-04-05 03:01:28[JGOSSIP-APP]DEBUG: /ShowUserList permission mapping is loaded
2012-04-05 03:01:28[JGOSSIP-APP]DEBUG: /DeleteUser permission mapping is loaded
2012-04-05 03:01:28[JGOSSIP-APP]DEBUG: /PromoteUser permission mapping is loaded
2012-04-05 03:01:28[JGOSSIP-APP]DEBUG: /AddBan permission mapping is loaded
2012-04-05 03:01:28[JGOSSIP-APP]DEBUG: /DeleteBan permission mapping is loaded
2012-04-05 03:01:28[JGOSSIP-APP]DEBUG: /BanList permission mapping is loaded
2012-04-05 03:01:28[JGOSSIP-APP]DEBUG: /ShowUser permission mapping is loaded
2012-04-05 03:01:28[JGOSSIP-APP]DEBUG: /DropMod permission mapping is loaded
2012-04-05 03:01:28[JGOSSIP-APP]DEBUG: /AddMod permission mapping is loaded
2012-04-05 03:01:28[JGOSSIP-APP]DEBUG: /ShowGroupList permission mapping is loaded
2012-04-05 03:01:28[JGOSSIP-APP]DEBUG: /AddGroup permission mapping is loaded
2012-04-05 03:01:28[JGOSSIP-APP]DEBUG: /EditGroup permission mapping is loaded
2012-04-05 03:01:28[JGOSSIP-APP]DEBUG: /UpdateGroup permission mapping is loaded
2012-04-05 03:01:28[JGOSSIP-APP]DEBUG: /DeleteGroup permission mapping is loaded
2012-04-05 03:01:28[JGOSSIP-APP]DEBUG: /Main permission mapping is loaded
2012-04-05 03:01:28[JGOSSIP-APP]DEBUG: /Search permission mapping is loaded
2012-04-05 03:01:28[JGOSSIP-APP]DEBUG: /MarkRead permission mapping is loaded
2012-04-05 03:01:28[JGOSSIP-APP]DEBUG: /ShowForum permission mapping is loaded
2012-04-05 03:01:28[JGOSSIP-APP]DEBUG: /ShowNewTopics permission mapping is loaded
2012-04-05 03:01:28[JGOSSIP-APP]DEBUG: /LockForum permission mapping is loaded
2012-04-05 03:01:28[JGOSSIP-APP]DEBUG: /DeleteForum permission mapping is loaded
2012-04-05 03:01:28[JGOSSIP-APP]DEBUG: /EditForum permission mapping is loaded
2012-04-05 03:01:28[JGOSSIP-APP]DEBUG: /UpdateForum permission mapping is loaded
2012-04-05 03:01:28[JGOSSIP-APP]DEBUG: /AddForum permission mapping is loaded
2012-04-05 03:01:28[JGOSSIP-APP]DEBUG: /ShowThread permission mapping is loaded
2012-04-05 03:01:28[JGOSSIP-APP]DEBUG: /ShowMessage permission mapping is loaded
2012-04-05 03:01:28[JGOSSIP-APP]DEBUG: /UnAnnounce permission mapping is loaded
2012-04-05 03:01:28[JGOSSIP-APP]DEBUG: /MoveThread permission mapping is loaded
2012-04-05 03:01:28[JGOSSIP-APP]DEBUG: /ShowSubscriptions permission mapping is loaded
2012-04-05 03:01:28[JGOSSIP-APP]DEBUG: /Unsubscribe permission mapping is loaded
2012-04-05 03:01:28[JGOSSIP-APP]DEBUG: /Subscribe permission mapping is loaded
2012-04-05 03:01:28[JGOSSIP-APP]DEBUG: /ShowForumList permission mapping is loaded
2012-04-05 03:01:28[JGOSSIP-APP]DEBUG: /DeleteThread permission mapping is loaded
2012-04-05 03:01:28[JGOSSIP-APP]DEBUG: /LockThread permission mapping is loaded
2012-04-05 03:01:28[JGOSSIP-APP]DEBUG: /ProcessMessage permission mapping is loaded
2012-04-05 03:01:28[JGOSSIP-APP]DEBUG: /AddMessage permission mapping is loaded
2012-04-05 03:01:28[JGOSSIP-APP]DEBUG: /PreviewMessage permission mapping is loaded
2012-04-05 03:01:28[JGOSSIP-APP]DEBUG: /UpdateMessage permission mapping is loaded
2012-04-05 03:01:28[JGOSSIP-APP]DEBUG: /Reply permission mapping is loaded
2012-04-05 03:01:28[JGOSSIP-APP]DEBUG: /Quote permission mapping is loaded
2012-04-05 03:01:28[JGOSSIP-APP]DEBUG: /DeleteMessage permission mapping is loaded
2012-04-05 03:01:28[JGOSSIP-APP]DEBUG: /EditMessage permission mapping is loaded
2012-04-05 03:01:28[JGOSSIP-APP]DEBUG: /AttachFile permission mapping is loaded
2012-04-05 03:01:28[JGOSSIP-APP]DEBUG: /DeleteAttachment permission mapping is loaded
2012-04-05 03:01:28[JGOSSIP-APP]DEBUG: /EditAttachment permission mapping is loaded
2012-04-05 03:01:28[JGOSSIP-APP]DEBUG: /UpdateAttachInfo permission mapping is loaded
2012-04-05 03:01:28[JGOSSIP-APP]DEBUG: /DownloadAttachment permission mapping is loaded
2012-04-05 03:01:28[JGOSSIP-APP]DEBUG: /ShowAttachThumbnail permission mapping is loaded
2012-04-05 03:01:28[JGOSSIP-APP]DEBUG: /WhoIs permission mapping is loaded
2012-04-05 03:01:28[JGOSSIP-APP]DEBUG: /DropOldMess permission mapping is loaded
2012-04-05 03:01:28[JGOSSIP-APP]DEBUG: /EditConstants permission mapping is loaded
2012-04-05 03:01:28[JGOSSIP-APP]DEBUG: /SetMailPassword permission mapping is loaded
2012-04-05 03:01:28[JGOSSIP-APP]DEBUG: /UpdateStyles permission mapping is loaded
2012-04-05 03:01:28[JGOSSIP-APP]DEBUG: /SendAdminMail permission mapping is loaded
2012-04-05 03:01:28[JGOSSIP-APP]DEBUG: /Ranks permission mapping is loaded
2012-04-05 03:01:28[JGOSSIP-APP]DEBUG: /EditRank permission mapping is loaded
2012-04-05 03:01:28[JGOSSIP-APP]DEBUG: /DeleteRank permission mapping is loaded
2012-04-05 03:01:28[JGOSSIP-APP]DEBUG: /AddRank permission mapping is loaded
2012-04-05 03:01:28[JGOSSIP-APP]DEBUG: /UpdateRank permission mapping is loaded
2012-04-05 03:01:28[JGOSSIP-APP]DEBUG: /BrowseLog permission mapping is loaded
2012-04-05 03:01:28[JGOSSIP-APP]DEBUG: /SearchLog permission mapping is loaded
2012-04-05 03:01:28[JGOSSIP-APP]DEBUG: /PurgeLog permission mapping is loaded
2012-04-05 03:01:28[JGOSSIP-APP]DEBUG: /showSetAvatar permission mapping is loaded
2012-04-05 03:01:28[JGOSSIP-APP]DEBUG: /showChangePassword permission mapping is loaded
2012-04-05 03:01:28[JGOSSIP-APP]DEBUG: /showAddGroup permission mapping is loaded
2012-04-05 03:01:28[JGOSSIP-APP]DEBUG: /showEditGroup permission mapping is loaded
2012-04-05 03:01:28[JGOSSIP-APP]DEBUG: /showAddForum permission mapping is loaded
2012-04-05 03:01:28[JGOSSIP-APP]DEBUG: /showEditForum permission mapping is loaded
2012-04-05 03:01:28[JGOSSIP-APP]DEBUG: /showUnsubscribe permission mapping is loaded
2012-04-05 03:01:28[JGOSSIP-APP]DEBUG: /showMoveThread permission mapping is loaded
2012-04-05 03:01:28[JGOSSIP-APP]DEBUG: /showAddMessage permission mapping is loaded
2012-04-05 03:01:28[JGOSSIP-APP]DEBUG: /showEditMessage permission mapping is loaded
2012-04-05 03:01:28[JGOSSIP-APP]DEBUG: /showAttachedImage permission mapping is loaded
2012-04-05 03:01:28[JGOSSIP-APP]DEBUG: /showEditConstants permission mapping is loaded
2012-04-05 03:01:28[JGOSSIP-APP]DEBUG: /showEditStyles permission mapping is loaded
2012-04-05 03:01:28[JGOSSIP-APP]DEBUG: /showDropOldMess permission mapping is loaded
2012-04-05 03:01:28[JGOSSIP-APP]DEBUG: /showSetMailPassword permission mapping is loaded
2012-04-05 03:01:28[JGOSSIP-APP]DEBUG: /showSendAdminMail permission mapping is loaded
2012-04-05 03:09:40[JGOSSIP-APP]INFO: init is started
2012-04-05 03:09:40[JGOSSIP-APP]DEBUG: avaible translations :[en, it, ru]
2012-04-05 03:09:40[JGOSSIP-APP]INFO: jGossip's MailQueue is created
2012-04-05 03:10:14[JGOSSIP-APP]DEBUG: try to load app.properties
2012-04-05 03:10:14[JGOSSIP-APP]DEBUG: try to load configuration from Data Base
2012-04-05 03:10:17[JGOSSIP-APP]DEBUG: adminmail is loaded
2012-04-05 03:10:17[JGOSSIP-APP]DEBUG: attachStorePath is loaded
2012-04-05 03:10:17[JGOSSIP-APP]DEBUG: defaultLocale is loaded
2012-04-05 03:10:17[JGOSSIP-APP]DEBUG: domainname is loaded
2012-04-05 03:10:17[JGOSSIP-APP]DEBUG: domainurl is loaded
2012-04-05 03:10:17[JGOSSIP-APP]DEBUG: enableAutoLogin is loaded
2012-04-05 03:10:17[JGOSSIP-APP]DEBUG: enableAvatar is loaded
2012-04-05 03:10:17[JGOSSIP-APP]DEBUG: enableEmailConfiramtion is loaded
2012-04-05 03:10:17[JGOSSIP-APP]DEBUG: enableExtSignOn is loaded
2012-04-05 03:10:17[JGOSSIP-APP]DEBUG: enableFileUpload is loaded
2012-04-05 03:10:17[JGOSSIP-APP]DEBUG: enableForumRegistration is loaded
2012-04-05 03:10:17[JGOSSIP-APP]DEBUG: enableForumSignOn is loaded
2012-04-05 03:10:17[JGOSSIP-APP]DEBUG: extLogOnActionUrl is loaded
2012-04-05 03:10:17[JGOSSIP-APP]DEBUG: extLogOutActionUrl is loaded
2012-04-05 03:10:17[JGOSSIP-APP]DEBUG: extRegistrationActionUrl is loaded
2012-04-05 03:10:17[JGOSSIP-APP]DEBUG: gzipCompress is loaded
2012-04-05 03:10:17[JGOSSIP-APP]DEBUG: invader is loaded
2012-04-05 03:10:17[JGOSSIP-APP]DEBUG: mailhost is loaded
2012-04-05 03:10:17[JGOSSIP-APP]DEBUG: mailpassword is loaded
2012-04-05 03:10:17[JGOSSIP-APP]DEBUG: mailuser is loaded
2012-04-05 03:10:17[JGOSSIP-APP]DEBUG: maxAttachCount is loaded
2012-04-05 03:10:17[JGOSSIP-APP]DEBUG: motto is loaded
2012-04-05 03:10:17[JGOSSIP-APP]DEBUG: periodForConfirmation is loaded
2012-04-05 03:10:17[JGOSSIP-APP]DEBUG: rssMaxItemCount is loaded
2012-04-05 03:10:17[JGOSSIP-APP]DEBUG: rssPeriod is loaded
2012-04-05 03:10:17[JGOSSIP-APP]DEBUG: rssTtl is loaded
2012-04-05 03:10:17[JGOSSIP-APP]DEBUG: sessionlength is loaded
2012-04-05 03:10:17[JGOSSIP-APP]DEBUG: sitename is loaded
2012-04-05 03:10:17[JGOSSIP-APP]DEBUG: smtpServerPort is loaded
2012-04-05 03:10:18[JGOSSIP-APP]DEBUG: /AddUser permission mapping is loaded
2012-04-05 03:10:18[JGOSSIP-APP]DEBUG: /EditProfile permission mapping is loaded
2012-04-05 03:10:18[JGOSSIP-APP]DEBUG: /SaveProfile permission mapping is loaded
2012-04-05 03:10:18[JGOSSIP-APP]DEBUG: /ChangePassword permission mapping is loaded
2012-04-05 03:10:18[JGOSSIP-APP]DEBUG: /SaveAvatar permission mapping is loaded
2012-04-05 03:10:18[JGOSSIP-APP]DEBUG: /SaveRemoteAvatar permission mapping is loaded
2012-04-05 03:10:18[JGOSSIP-APP]DEBUG: /ShowUserList permission mapping is loaded
2012-04-05 03:10:18[JGOSSIP-APP]DEBUG: /DeleteUser permission mapping is loaded
2012-04-05 03:10:18[JGOSSIP-APP]DEBUG: /PromoteUser permission mapping is loaded
2012-04-05 03:10:18[JGOSSIP-APP]DEBUG: /AddBan permission mapping is loaded
2012-04-05 03:10:18[JGOSSIP-APP]DEBUG: /DeleteBan permission mapping is loaded
2012-04-05 03:10:18[JGOSSIP-APP]DEBUG: /BanList permission mapping is loaded
2012-04-05 03:10:18[JGOSSIP-APP]DEBUG: /ShowUser permission mapping is loaded
2012-04-05 03:10:18[JGOSSIP-APP]DEBUG: /DropMod permission mapping is loaded
2012-04-05 03:10:18[JGOSSIP-APP]DEBUG: /AddMod permission mapping is loaded
2012-04-05 03:10:18[JGOSSIP-APP]DEBUG: /ShowGroupList permission mapping is loaded
2012-04-05 03:10:18[JGOSSIP-APP]DEBUG: /AddGroup permission mapping is loaded
2012-04-05 03:10:18[JGOSSIP-APP]DEBUG: /EditGroup permission mapping is loaded
2012-04-05 03:10:18[JGOSSIP-APP]DEBUG: /UpdateGroup permission mapping is loaded
2012-04-05 03:10:18[JGOSSIP-APP]DEBUG: /DeleteGroup permission mapping is loaded
2012-04-05 03:10:18[JGOSSIP-APP]DEBUG: /Main permission mapping is loaded
2012-04-05 03:10:18[JGOSSIP-APP]DEBUG: /Search permission mapping is loaded
2012-04-05 03:10:18[JGOSSIP-APP]DEBUG: /MarkRead permission mapping is loaded
2012-04-05 03:10:18[JGOSSIP-APP]DEBUG: /ShowForum permission mapping is loaded
2012-04-05 03:10:18[JGOSSIP-APP]DEBUG: /ShowNewTopics permission mapping is loaded
2012-04-05 03:10:18[JGOSSIP-APP]DEBUG: /LockForum permission mapping is loaded
2012-04-05 03:10:18[JGOSSIP-APP]DEBUG: /DeleteForum permission mapping is loaded
2012-04-05 03:10:18[JGOSSIP-APP]DEBUG: /EditForum permission mapping is loaded
2012-04-05 03:10:18[JGOSSIP-APP]DEBUG: /UpdateForum permission mapping is loaded
2012-04-05 03:10:18[JGOSSIP-APP]DEBUG: /AddForum permission mapping is loaded
2012-04-05 03:10:18[JGOSSIP-APP]DEBUG: /ShowThread permission mapping is loaded
2012-04-05 03:10:18[JGOSSIP-APP]DEBUG: /ShowMessage permission mapping is loaded
2012-04-05 03:10:18[JGOSSIP-APP]DEBUG: /UnAnnounce permission mapping is loaded
2012-04-05 03:10:18[JGOSSIP-APP]DEBUG: /MoveThread permission mapping is loaded
2012-04-05 03:10:18[JGOSSIP-APP]DEBUG: /ShowSubscriptions permission mapping is loaded
2012-04-05 03:10:18[JGOSSIP-APP]DEBUG: /Unsubscribe permission mapping is loaded
2012-04-05 03:10:18[JGOSSIP-APP]DEBUG: /Subscribe permission mapping is loaded
2012-04-05 03:10:18[JGOSSIP-APP]DEBUG: /ShowForumList permission mapping is loaded
2012-04-05 03:10:18[JGOSSIP-APP]DEBUG: /DeleteThread permission mapping is loaded
2012-04-05 03:10:18[JGOSSIP-APP]DEBUG: /LockThread permission mapping is loaded
2012-04-05 03:10:18[JGOSSIP-APP]DEBUG: /ProcessMessage permission mapping is loaded
2012-04-05 03:10:18[JGOSSIP-APP]DEBUG: /AddMessage permission mapping is loaded
2012-04-05 03:10:18[JGOSSIP-APP]DEBUG: /PreviewMessage permission mapping is loaded
2012-04-05 03:10:18[JGOSSIP-APP]DEBUG: /UpdateMessage permission mapping is loaded
2012-04-05 03:10:18[JGOSSIP-APP]DEBUG: /Reply permission mapping is loaded
2012-04-05 03:10:18[JGOSSIP-APP]DEBUG: /Quote permission mapping is loaded
2012-04-05 03:10:18[JGOSSIP-APP]DEBUG: /DeleteMessage permission mapping is loaded
2012-04-05 03:10:18[JGOSSIP-APP]DEBUG: /EditMessage permission mapping is loaded
2012-04-05 03:10:18[JGOSSIP-APP]DEBUG: /AttachFile permission mapping is loaded
2012-04-05 03:10:18[JGOSSIP-APP]DEBUG: /DeleteAttachment permission mapping is loaded
2012-04-05 03:10:18[JGOSSIP-APP]DEBUG: /EditAttachment permission mapping is loaded
2012-04-05 03:10:18[JGOSSIP-APP]DEBUG: /UpdateAttachInfo permission mapping is loaded
2012-04-05 03:10:18[JGOSSIP-APP]DEBUG: /DownloadAttachment permission mapping is loaded
2012-04-05 03:10:18[JGOSSIP-APP]DEBUG: /ShowAttachThumbnail permission mapping is loaded
2012-04-05 03:10:18[JGOSSIP-APP]DEBUG: /WhoIs permission mapping is loaded
2012-04-05 03:10:18[JGOSSIP-APP]DEBUG: /DropOldMess permission mapping is loaded
2012-04-05 03:10:18[JGOSSIP-APP]DEBUG: /EditConstants permission mapping is loaded
2012-04-05 03:10:18[JGOSSIP-APP]DEBUG: /SetMailPassword permission mapping is loaded
2012-04-05 03:10:18[JGOSSIP-APP]DEBUG: /UpdateStyles permission mapping is loaded
2012-04-05 03:10:18[JGOSSIP-APP]DEBUG: /SendAdminMail permission mapping is loaded
2012-04-05 03:10:18[JGOSSIP-APP]DEBUG: /Ranks permission mapping is loaded
2012-04-05 03:10:18[JGOSSIP-APP]DEBUG: /EditRank permission mapping is loaded
2012-04-05 03:10:18[JGOSSIP-APP]DEBUG: /DeleteRank permission mapping is loaded
2012-04-05 03:10:18[JGOSSIP-APP]DEBUG: /AddRank permission mapping is loaded
2012-04-05 03:10:18[JGOSSIP-APP]DEBUG: /UpdateRank permission mapping is loaded
2012-04-05 03:10:18[JGOSSIP-APP]DEBUG: /BrowseLog permission mapping is loaded
2012-04-05 03:10:18[JGOSSIP-APP]DEBUG: /SearchLog permission mapping is loaded
2012-04-05 03:10:18[JGOSSIP-APP]DEBUG: /PurgeLog permission mapping is loaded
2012-04-05 03:10:18[JGOSSIP-APP]DEBUG: /showSetAvatar permission mapping is loaded
2012-04-05 03:10:18[JGOSSIP-APP]DEBUG: /showChangePassword permission mapping is loaded
2012-04-05 03:10:18[JGOSSIP-APP]DEBUG: /showAddGroup permission mapping is loaded
2012-04-05 03:10:18[JGOSSIP-APP]DEBUG: /showEditGroup permission mapping is loaded
2012-04-05 03:10:18[JGOSSIP-APP]DEBUG: /showAddForum permission mapping is loaded
2012-04-05 03:10:18[JGOSSIP-APP]DEBUG: /showEditForum permission mapping is loaded
2012-04-05 03:10:18[JGOSSIP-APP]DEBUG: /showUnsubscribe permission mapping is loaded
2012-04-05 03:10:18[JGOSSIP-APP]DEBUG: /showMoveThread permission mapping is loaded
2012-04-05 03:10:18[JGOSSIP-APP]DEBUG: /showAddMessage permission mapping is loaded
2012-04-05 03:10:18[JGOSSIP-APP]DEBUG: /showEditMessage permission mapping is loaded
2012-04-05 03:10:18[JGOSSIP-APP]DEBUG: /showAttachedImage permission mapping is loaded
2012-04-05 03:10:18[JGOSSIP-APP]DEBUG: /showEditConstants permission mapping is loaded
2012-04-05 03:10:18[JGOSSIP-APP]DEBUG: /showEditStyles permission mapping is loaded
2012-04-05 03:10:18[JGOSSIP-APP]DEBUG: /showDropOldMess permission mapping is loaded
2012-04-05 03:10:18[JGOSSIP-APP]DEBUG: /showSetMailPassword permission mapping is loaded
2012-04-05 03:10:18[JGOSSIP-APP]DEBUG: /showSendAdminMail permission mapping is loaded
