/*C7*/SET SCHEMA PUBLIC
CONNECT USER SA
/*C8*/SET SCHEMA PUBLIC
CONNECT USER SA
/*C9*/SET SCHEMA PUBLIC
CONNECT USER SA
/*C10*/SET SCHEMA PUBLIC
CONNECT USER SA
/*C11*/SET SCHEMA PUBLIC
CONNECT USER SA
/*C12*/SET SCHEMA PUBLIC
CONNECT USER SA
/*C8*/SET AUTOCOMMIT FALSE
SET AUTOCOMMIT TRUE
SET AUTOCOMMIT FALSE
SET AUTOCOMMIT TRUE
SET AUTOCOMMIT FALSE
DELETE FROM JBM_COUNTER WHERE NAME='MESSAGE_ID'
INSERT INTO JBM_COUNTER VALUES('MESSAGE_ID',192512)
COMMIT
DELETE FROM JBM_COUNTER WHERE NAME='CHANNEL_ID'
INSERT INTO JBM_COUNTER VALUES('CHANNEL_ID',470)
COMMIT
SET AUTOCOMMIT TRUE
